[0.160s] DEBUG:colcon:Command line arguments: ['/usr/bin/colcon', 'build']
[0.160s] DEBUG:colcon:Parsed command line arguments: Namespace(log_base=None, log_level=None, verb_name='build', build_base='build', install_base='install', merge_install=False, symlink_install=False, test_result_base=None, continue_on_error=False, executor='parallel', parallel_workers=8, event_handlers=None, ignore_user_meta=False, metas=['./colcon.meta'], base_paths=['.'], packages_ignore=None, packages_ignore_regex=None, paths=None, packages_up_to=None, packages_up_to_regex=None, packages_above=None, packages_above_and_dependencies=None, packages_above_depth=None, packages_select_by_dep=None, packages_skip_by_dep=None, packages_skip_up_to=None, packages_select_build_failed=False, packages_skip_build_finished=False, packages_select_test_failures=False, packages_skip_test_passed=False, packages_select=None, packages_skip=None, packages_select_regex=None, packages_skip_regex=None, packages_start=None, packages_end=None, allow_overriding=[], cmake_args=None, cmake_target=None, cmake_target_skip_unavailable=False, cmake_clean_cache=False, cmake_clean_first=False, cmake_force_configure=False, ament_cmake_args=None, catkin_cmake_args=None, catkin_skip_building_tests=False, mixin_files=None, mixin=None, verb_parser=<colcon_mixin.mixin.mixin_argument.MixinArgumentDecorator object at 0x7ff255d82930>, verb_extension=<colcon_core.verb.build.BuildVerb object at 0x7ff2567adbe0>, main=<bound method BuildVerb.main of <colcon_core.verb.build.BuildVerb object at 0x7ff2567adbe0>>, mixin_verb=('build',))
[0.197s] Level 1:colcon.colcon_core.package_discovery:discover_packages(colcon_meta) check parameters
[0.197s] Level 1:colcon.colcon_core.package_discovery:discover_packages(recursive) check parameters
[0.197s] Level 1:colcon.colcon_core.package_discovery:discover_packages(ignore) check parameters
[0.197s] Level 1:colcon.colcon_core.package_discovery:discover_packages(path) check parameters
[0.197s] Level 1:colcon.colcon_core.package_discovery:discover_packages(colcon_meta) discover
[0.197s] Level 1:colcon.colcon_core.package_discovery:discover_packages(recursive) discover
[0.197s] INFO:colcon.colcon_core.package_discovery:Crawling recursively for packages in '/home/ren/workspaces/turtlebot3_ws/src/turtlebot-maze'
[0.197s] Level 1:colcon.colcon_core.package_identification:_identify(.) by extensions ['ignore', 'ignore_ament_install']
[0.197s] Level 1:colcon.colcon_core.package_identification:_identify(.) by extension 'ignore'
[0.197s] Level 1:colcon.colcon_core.package_identification:_identify(.) by extension 'ignore_ament_install'
[0.197s] Level 1:colcon.colcon_core.package_identification:_identify(.) by extensions ['colcon_pkg']
[0.197s] Level 1:colcon.colcon_core.package_identification:_identify(.) by extension 'colcon_pkg'
[0.197s] Level 1:colcon.colcon_core.package_identification:_identify(.) by extensions ['colcon_meta']
[0.197s] Level 1:colcon.colcon_core.package_identification:_identify(.) by extension 'colcon_meta'
[0.197s] Level 1:colcon.colcon_core.package_identification:_identify(.) by extensions ['ros']
[0.198s] Level 1:colcon.colcon_core.package_identification:_identify(.) by extension 'ros'
[0.222s] Level 1:colcon.colcon_core.package_identification:_identify(.) by extensions ['cmake', 'python']
[0.222s] Level 1:colcon.colcon_core.package_identification:_identify(.) by extension 'cmake'
[0.223s] Level 1:colcon.colcon_core.package_identification:_identify(.) by extension 'python'
[0.223s] Level 1:colcon.colcon_core.package_identification:_identify(.) by extensions ['python_setup_py']
[0.223s] Level 1:colcon.colcon_core.package_identification:_identify(.) by extension 'python_setup_py'
[0.223s] Level 1:colcon.colcon_core.package_identification:_identify(assignment-1) by extensions ['ignore', 'ignore_ament_install']
[0.223s] Level 1:colcon.colcon_core.package_identification:_identify(assignment-1) by extension 'ignore'
[0.223s] Level 1:colcon.colcon_core.package_identification:_identify(assignment-1) by extension 'ignore_ament_install'
[0.223s] Level 1:colcon.colcon_core.package_identification:_identify(assignment-1) by extensions ['colcon_pkg']
[0.223s] Level 1:colcon.colcon_core.package_identification:_identify(assignment-1) by extension 'colcon_pkg'
[0.223s] Level 1:colcon.colcon_core.package_identification:_identify(assignment-1) by extensions ['colcon_meta']
[0.223s] Level 1:colcon.colcon_core.package_identification:_identify(assignment-1) by extension 'colcon_meta'
[0.223s] Level 1:colcon.colcon_core.package_identification:_identify(assignment-1) by extensions ['ros']
[0.223s] Level 1:colcon.colcon_core.package_identification:_identify(assignment-1) by extension 'ros'
[0.224s] Level 1:colcon.colcon_core.package_identification:_identify(assignment-1) by extensions ['cmake', 'python']
[0.224s] Level 1:colcon.colcon_core.package_identification:_identify(assignment-1) by extension 'cmake'
[0.224s] Level 1:colcon.colcon_core.package_identification:_identify(assignment-1) by extension 'python'
[0.224s] Level 1:colcon.colcon_core.package_identification:_identify(assignment-1) by extensions ['python_setup_py']
[0.224s] Level 1:colcon.colcon_core.package_identification:_identify(assignment-1) by extension 'python_setup_py'
[0.224s] Level 1:colcon.colcon_core.package_identification:_identify(build) by extensions ['ignore', 'ignore_ament_install']
[0.224s] Level 1:colcon.colcon_core.package_identification:_identify(build) by extension 'ignore'
[0.224s] Level 1:colcon.colcon_core.package_identification:_identify(build) ignored
[0.224s] Level 1:colcon.colcon_core.package_identification:_identify(docker) by extensions ['ignore', 'ignore_ament_install']
[0.225s] Level 1:colcon.colcon_core.package_identification:_identify(docker) by extension 'ignore'
[0.225s] Level 1:colcon.colcon_core.package_identification:_identify(docker) by extension 'ignore_ament_install'
[0.225s] Level 1:colcon.colcon_core.package_identification:_identify(docker) by extensions ['colcon_pkg']
[0.225s] Level 1:colcon.colcon_core.package_identification:_identify(docker) by extension 'colcon_pkg'
[0.225s] Level 1:colcon.colcon_core.package_identification:_identify(docker) by extensions ['colcon_meta']
[0.225s] Level 1:colcon.colcon_core.package_identification:_identify(docker) by extension 'colcon_meta'
[0.225s] Level 1:colcon.colcon_core.package_identification:_identify(docker) by extensions ['ros']
[0.225s] Level 1:colcon.colcon_core.package_identification:_identify(docker) by extension 'ros'
[0.225s] Level 1:colcon.colcon_core.package_identification:_identify(docker) by extensions ['cmake', 'python']
[0.225s] Level 1:colcon.colcon_core.package_identification:_identify(docker) by extension 'cmake'
[0.225s] Level 1:colcon.colcon_core.package_identification:_identify(docker) by extension 'python'
[0.225s] Level 1:colcon.colcon_core.package_identification:_identify(docker) by extensions ['python_setup_py']
[0.225s] Level 1:colcon.colcon_core.package_identification:_identify(docker) by extension 'python_setup_py'
[0.225s] Level 1:colcon.colcon_core.package_identification:_identify(install) by extensions ['ignore', 'ignore_ament_install']
[0.225s] Level 1:colcon.colcon_core.package_identification:_identify(install) by extension 'ignore'
[0.225s] Level 1:colcon.colcon_core.package_identification:_identify(install) ignored
[0.225s] Level 1:colcon.colcon_core.package_identification:_identify(log) by extensions ['ignore', 'ignore_ament_install']
[0.225s] Level 1:colcon.colcon_core.package_identification:_identify(log) by extension 'ignore'
[0.225s] Level 1:colcon.colcon_core.package_identification:_identify(log) ignored
[0.225s] Level 1:colcon.colcon_core.package_identification:_identify(media) by extensions ['ignore', 'ignore_ament_install']
[0.225s] Level 1:colcon.colcon_core.package_identification:_identify(media) by extension 'ignore'
[0.225s] Level 1:colcon.colcon_core.package_identification:_identify(media) by extension 'ignore_ament_install'
[0.225s] Level 1:colcon.colcon_core.package_identification:_identify(media) by extensions ['colcon_pkg']
[0.225s] Level 1:colcon.colcon_core.package_identification:_identify(media) by extension 'colcon_pkg'
[0.226s] Level 1:colcon.colcon_core.package_identification:_identify(media) by extensions ['colcon_meta']
[0.226s] Level 1:colcon.colcon_core.package_identification:_identify(media) by extension 'colcon_meta'
[0.226s] Level 1:colcon.colcon_core.package_identification:_identify(media) by extensions ['ros']
[0.226s] Level 1:colcon.colcon_core.package_identification:_identify(media) by extension 'ros'
[0.226s] Level 1:colcon.colcon_core.package_identification:_identify(media) by extensions ['cmake', 'python']
[0.226s] Level 1:colcon.colcon_core.package_identification:_identify(media) by extension 'cmake'
[0.226s] Level 1:colcon.colcon_core.package_identification:_identify(media) by extension 'python'
[0.226s] Level 1:colcon.colcon_core.package_identification:_identify(media) by extensions ['python_setup_py']
[0.226s] Level 1:colcon.colcon_core.package_identification:_identify(media) by extension 'python_setup_py'
[0.226s] Level 1:colcon.colcon_core.package_identification:_identify(tb_autonomy) by extensions ['ignore', 'ignore_ament_install']
[0.226s] Level 1:colcon.colcon_core.package_identification:_identify(tb_autonomy) by extension 'ignore'
[0.227s] Level 1:colcon.colcon_core.package_identification:_identify(tb_autonomy) by extension 'ignore_ament_install'
[0.227s] Level 1:colcon.colcon_core.package_identification:_identify(tb_autonomy) by extensions ['colcon_pkg']
[0.227s] Level 1:colcon.colcon_core.package_identification:_identify(tb_autonomy) by extension 'colcon_pkg'
[0.228s] Level 1:colcon.colcon_core.package_identification:_identify(tb_autonomy) by extensions ['colcon_meta']
[0.228s] Level 1:colcon.colcon_core.package_identification:_identify(tb_autonomy) by extension 'colcon_meta'
[0.228s] Level 1:colcon.colcon_core.package_identification:_identify(tb_autonomy) by extensions ['ros']
[0.228s] Level 1:colcon.colcon_core.package_identification:_identify(tb_autonomy) by extension 'ros'
[0.231s] DEBUG:colcon.colcon_core.package_identification:Package 'tb_autonomy' with type 'ros.ament_cmake' and name 'tb_autonomy'
[0.231s] Level 1:colcon.colcon_core.package_identification:_identify(tb_worlds) by extensions ['ignore', 'ignore_ament_install']
[0.231s] Level 1:colcon.colcon_core.package_identification:_identify(tb_worlds) by extension 'ignore'
[0.231s] Level 1:colcon.colcon_core.package_identification:_identify(tb_worlds) by extension 'ignore_ament_install'
[0.231s] Level 1:colcon.colcon_core.package_identification:_identify(tb_worlds) by extensions ['colcon_pkg']
[0.231s] Level 1:colcon.colcon_core.package_identification:_identify(tb_worlds) by extension 'colcon_pkg'
[0.231s] Level 1:colcon.colcon_core.package_identification:_identify(tb_worlds) by extensions ['colcon_meta']
[0.231s] Level 1:colcon.colcon_core.package_identification:_identify(tb_worlds) by extension 'colcon_meta'
[0.231s] Level 1:colcon.colcon_core.package_identification:_identify(tb_worlds) by extensions ['ros']
[0.231s] Level 1:colcon.colcon_core.package_identification:_identify(tb_worlds) by extension 'ros'
[0.232s] DEBUG:colcon.colcon_core.package_identification:Package 'tb_worlds' with type 'ros.ament_cmake' and name 'tb_worlds'
[0.232s] Level 1:colcon.colcon_core.package_discovery:discover_packages(recursive) using defaults
[0.232s] Level 1:colcon.colcon_core.package_discovery:discover_packages(ignore) discover
[0.232s] Level 1:colcon.colcon_core.package_discovery:discover_packages(ignore) using defaults
[0.232s] Level 1:colcon.colcon_core.package_discovery:discover_packages(path) discover
[0.232s] Level 1:colcon.colcon_core.package_discovery:discover_packages(path) using defaults
[0.253s] Level 1:colcon.colcon_core.package_discovery:discover_packages(prefix_path) check parameters
[0.253s] Level 1:colcon.colcon_core.package_discovery:discover_packages(prefix_path) discover
[0.254s] WARNING:colcon.colcon_core.prefix_path.colcon:The path '/home/ren/workspaces/turtlebot3_ws/src/install' in the environment variable COLCON_PREFIX_PATH doesn't exist
[0.254s] WARNING:colcon.colcon_ros.prefix_path.ament:The path '/home/ren/workspaces/turtlebot3_ws/src/install/tb_autonomy' in the environment variable AMENT_PREFIX_PATH doesn't exist
[0.254s] WARNING:colcon.colcon_ros.prefix_path.ament:The path '/home/ren/workspaces/turtlebot3_ws/src/install/tb_worlds' in the environment variable AMENT_PREFIX_PATH doesn't exist
[0.254s] WARNING:colcon.colcon_ros.prefix_path.ament:The path '/home/ren/workspaces/turtlebot3_ws/src/install/nav2_minimal_tb4_sim' in the environment variable AMENT_PREFIX_PATH doesn't exist
[0.254s] WARNING:colcon.colcon_ros.prefix_path.ament:The path '/home/ren/workspaces/turtlebot3_ws/src/install/nav2_minimal_tb4_description' in the environment variable AMENT_PREFIX_PATH doesn't exist
[0.254s] WARNING:colcon.colcon_ros.prefix_path.ament:The path '/home/ren/workspaces/turtlebot3_ws/src/install/nav2_minimal_tb3_sim' in the environment variable AMENT_PREFIX_PATH doesn't exist
[0.254s] WARNING:colcon.colcon_ros.prefix_path.catkin:The path '/home/ren/workspaces/turtlebot3_ws/src/install/tb_autonomy' in the environment variable CMAKE_PREFIX_PATH doesn't exist
[0.254s] WARNING:colcon.colcon_ros.prefix_path.catkin:The path '/home/ren/workspaces/turtlebot3_ws/src/install/tb_worlds' in the environment variable CMAKE_PREFIX_PATH doesn't exist
[0.254s] WARNING:colcon.colcon_ros.prefix_path.catkin:The path '/home/ren/workspaces/turtlebot3_ws/src/install/nav2_minimal_tb4_sim' in the environment variable CMAKE_PREFIX_PATH doesn't exist
[0.254s] WARNING:colcon.colcon_ros.prefix_path.catkin:The path '/home/ren/workspaces/turtlebot3_ws/src/install/nav2_minimal_tb4_description' in the environment variable CMAKE_PREFIX_PATH doesn't exist
[0.254s] WARNING:colcon.colcon_ros.prefix_path.catkin:The path '/home/ren/workspaces/turtlebot3_ws/src/install/nav2_minimal_tb3_sim' in the environment variable CMAKE_PREFIX_PATH doesn't exist
[0.256s] DEBUG:colcon.colcon_installed_package_information.package_discovery:Found 381 installed packages in /opt/ros/jazzy
[0.257s] Level 1:colcon.colcon_core.package_discovery:discover_packages(prefix_path) using defaults
[0.307s] Level 5:colcon.colcon_core.verb:set package 'tb_worlds' build argument 'cmake_args' from command line to 'None'
[0.307s] Level 5:colcon.colcon_core.verb:set package 'tb_worlds' build argument 'cmake_target' from command line to 'None'
[0.307s] Level 5:colcon.colcon_core.verb:set package 'tb_worlds' build argument 'cmake_target_skip_unavailable' from command line to 'False'
[0.307s] Level 5:colcon.colcon_core.verb:set package 'tb_worlds' build argument 'cmake_clean_cache' from command line to 'False'
[0.307s] Level 5:colcon.colcon_core.verb:set package 'tb_worlds' build argument 'cmake_clean_first' from command line to 'False'
[0.307s] Level 5:colcon.colcon_core.verb:set package 'tb_worlds' build argument 'cmake_force_configure' from command line to 'False'
[0.307s] Level 5:colcon.colcon_core.verb:set package 'tb_worlds' build argument 'ament_cmake_args' from command line to 'None'
[0.307s] Level 5:colcon.colcon_core.verb:set package 'tb_worlds' build argument 'catkin_cmake_args' from command line to 'None'
[0.307s] Level 5:colcon.colcon_core.verb:set package 'tb_worlds' build argument 'catkin_skip_building_tests' from command line to 'False'
[0.307s] DEBUG:colcon.colcon_core.verb:Building package 'tb_worlds' with the following arguments: {'ament_cmake_args': None, 'build_base': '/home/ren/workspaces/turtlebot3_ws/src/turtlebot-maze/build/tb_worlds', 'catkin_cmake_args': None, 'catkin_skip_building_tests': False, 'cmake_args': None, 'cmake_clean_cache': False, 'cmake_clean_first': False, 'cmake_force_configure': False, 'cmake_target': None, 'cmake_target_skip_unavailable': False, 'install_base': '/home/ren/workspaces/turtlebot3_ws/src/turtlebot-maze/install/tb_worlds', 'merge_install': False, 'path': '/home/ren/workspaces/turtlebot3_ws/src/turtlebot-maze/tb_worlds', 'symlink_install': False, 'test_result_base': None}
[0.308s] Level 5:colcon.colcon_core.verb:set package 'tb_autonomy' build argument 'cmake_args' from command line to 'None'
[0.308s] Level 5:colcon.colcon_core.verb:set package 'tb_autonomy' build argument 'cmake_target' from command line to 'None'
[0.308s] Level 5:colcon.colcon_core.verb:set package 'tb_autonomy' build argument 'cmake_target_skip_unavailable' from command line to 'False'
[0.308s] Level 5:colcon.colcon_core.verb:set package 'tb_autonomy' build argument 'cmake_clean_cache' from command line to 'False'
[0.308s] Level 5:colcon.colcon_core.verb:set package 'tb_autonomy' build argument 'cmake_clean_first' from command line to 'False'
[0.308s] Level 5:colcon.colcon_core.verb:set package 'tb_autonomy' build argument 'cmake_force_configure' from command line to 'False'
[0.308s] Level 5:colcon.colcon_core.verb:set package 'tb_autonomy' build argument 'ament_cmake_args' from command line to 'None'
[0.308s] Level 5:colcon.colcon_core.verb:set package 'tb_autonomy' build argument 'catkin_cmake_args' from command line to 'None'
[0.308s] Level 5:colcon.colcon_core.verb:set package 'tb_autonomy' build argument 'catkin_skip_building_tests' from command line to 'False'
[0.308s] DEBUG:colcon.colcon_core.verb:Building package 'tb_autonomy' with the following arguments: {'ament_cmake_args': None, 'build_base': '/home/ren/workspaces/turtlebot3_ws/src/turtlebot-maze/build/tb_autonomy', 'catkin_cmake_args': None, 'catkin_skip_building_tests': False, 'cmake_args': None, 'cmake_clean_cache': False, 'cmake_clean_first': False, 'cmake_force_configure': False, 'cmake_target': None, 'cmake_target_skip_unavailable': False, 'install_base': '/home/ren/workspaces/turtlebot3_ws/src/turtlebot-maze/install/tb_autonomy', 'merge_install': False, 'path': '/home/ren/workspaces/turtlebot3_ws/src/turtlebot-maze/tb_autonomy', 'symlink_install': False, 'test_result_base': None}
[0.308s] INFO:colcon.colcon_core.executor:Executing jobs using 'parallel' executor
[0.309s] DEBUG:colcon.colcon_parallel_executor.executor.parallel:run_until_complete
[0.309s] INFO:colcon.colcon_ros.task.ament_cmake.build:Building ROS package in '/home/ren/workspaces/turtlebot3_ws/src/turtlebot-maze/tb_worlds' with build type 'ament_cmake'
[0.309s] INFO:colcon.colcon_cmake.task.cmake.build:Building CMake package in '/home/ren/workspaces/turtlebot3_ws/src/turtlebot-maze/tb_worlds'
[0.311s] INFO:colcon.colcon_core.plugin_system:Skipping extension 'colcon_core.shell.bat': Not used on non-Windows systems
[0.311s] INFO:colcon.colcon_core.shell:Skip shell extension 'powershell' for command environment: Not usable outside of PowerShell
[0.311s] DEBUG:colcon.colcon_core.shell:Skip shell extension 'dsv' for command environment
[0.321s] DEBUG:colcon.colcon_core.event_handler.log_command:Invoking command in '/home/ren/workspaces/turtlebot3_ws/src/turtlebot-maze/build/tb_worlds': CMAKE_PREFIX_PATH=${CMAKE_PREFIX_PATH}:/opt/ros/jazzy /usr/bin/cmake --build /home/ren/workspaces/turtlebot3_ws/src/turtlebot-maze/build/tb_worlds -- -j8 -l8
[0.363s] DEBUG:colcon.colcon_core.event_handler.log_command:Invoked command in '/home/ren/workspaces/turtlebot3_ws/src/turtlebot-maze/build/tb_worlds' returned '0': CMAKE_PREFIX_PATH=${CMAKE_PREFIX_PATH}:/opt/ros/jazzy /usr/bin/cmake --build /home/ren/workspaces/turtlebot3_ws/src/turtlebot-maze/build/tb_worlds -- -j8 -l8
[0.373s] DEBUG:colcon.colcon_core.event_handler.log_command:Invoking command in '/home/ren/workspaces/turtlebot3_ws/src/turtlebot-maze/build/tb_worlds': CMAKE_PREFIX_PATH=${CMAKE_PREFIX_PATH}:/opt/ros/jazzy /usr/bin/cmake --install /home/ren/workspaces/turtlebot3_ws/src/turtlebot-maze/build/tb_worlds
[0.396s] Level 1:colcon.colcon_core.environment:create_environment_scripts_only(tb_worlds)
[0.398s] DEBUG:colcon.colcon_core.event_handler.log_command:Invoked command in '/home/ren/workspaces/turtlebot3_ws/src/turtlebot-maze/build/tb_worlds' returned '0': CMAKE_PREFIX_PATH=${CMAKE_PREFIX_PATH}:/opt/ros/jazzy /usr/bin/cmake --install /home/ren/workspaces/turtlebot3_ws/src/turtlebot-maze/build/tb_worlds
[0.399s] Level 1:colcon.colcon_core.environment:checking '/home/ren/workspaces/turtlebot3_ws/src/turtlebot-maze/install/tb_worlds' for CMake module files
[0.400s] Level 1:colcon.colcon_core.environment:checking '/home/ren/workspaces/turtlebot3_ws/src/turtlebot-maze/install/tb_worlds' for CMake config files
[0.400s] Level 1:colcon.colcon_core.shell:create_environment_hook('tb_worlds', 'cmake_prefix_path')
[0.400s] INFO:colcon.colcon_core.shell:Creating environment hook '/home/ren/workspaces/turtlebot3_ws/src/turtlebot-maze/install/tb_worlds/share/tb_worlds/hook/cmake_prefix_path.ps1'
[0.401s] INFO:colcon.colcon_core.shell:Creating environment descriptor '/home/ren/workspaces/turtlebot3_ws/src/turtlebot-maze/install/tb_worlds/share/tb_worlds/hook/cmake_prefix_path.dsv'
[0.401s] INFO:colcon.colcon_core.shell:Creating environment hook '/home/ren/workspaces/turtlebot3_ws/src/turtlebot-maze/install/tb_worlds/share/tb_worlds/hook/cmake_prefix_path.sh'
[0.402s] Level 1:colcon.colcon_core.environment:checking '/home/ren/workspaces/turtlebot3_ws/src/turtlebot-maze/install/tb_worlds/bin'
[0.402s] Level 1:colcon.colcon_core.environment:checking '/home/ren/workspaces/turtlebot3_ws/src/turtlebot-maze/install/tb_worlds/lib/pkgconfig/tb_worlds.pc'
[0.402s] Level 1:colcon.colcon_core.environment:checking '/home/ren/workspaces/turtlebot3_ws/src/turtlebot-maze/install/tb_worlds/lib/python3.12/site-packages'
[0.402s] Level 1:colcon.colcon_core.environment:checking '/home/ren/workspaces/turtlebot3_ws/src/turtlebot-maze/install/tb_worlds/bin'
[0.403s] INFO:colcon.colcon_core.shell:Creating package script '/home/ren/workspaces/turtlebot3_ws/src/turtlebot-maze/install/tb_worlds/share/tb_worlds/package.ps1'
[0.403s] INFO:colcon.colcon_core.shell:Creating package descriptor '/home/ren/workspaces/turtlebot3_ws/src/turtlebot-maze/install/tb_worlds/share/tb_worlds/package.dsv'
[0.403s] INFO:colcon.colcon_core.shell:Creating package script '/home/ren/workspaces/turtlebot3_ws/src/turtlebot-maze/install/tb_worlds/share/tb_worlds/package.sh'
[0.404s] INFO:colcon.colcon_core.shell:Creating package script '/home/ren/workspaces/turtlebot3_ws/src/turtlebot-maze/install/tb_worlds/share/tb_worlds/package.bash'
[0.404s] INFO:colcon.colcon_core.shell:Creating package script '/home/ren/workspaces/turtlebot3_ws/src/turtlebot-maze/install/tb_worlds/share/tb_worlds/package.zsh'
[0.405s] Level 1:colcon.colcon_core.environment:create_file_with_runtime_dependencies(/home/ren/workspaces/turtlebot3_ws/src/turtlebot-maze/install/tb_worlds/share/colcon-core/packages/tb_worlds)
[0.405s] Level 1:colcon.colcon_core.environment:create_environment_scripts_only(tb_worlds)
[0.405s] Level 1:colcon.colcon_core.environment:checking '/home/ren/workspaces/turtlebot3_ws/src/turtlebot-maze/install/tb_worlds' for CMake module files
[0.406s] Level 1:colcon.colcon_core.environment:checking '/home/ren/workspaces/turtlebot3_ws/src/turtlebot-maze/install/tb_worlds' for CMake config files
[0.406s] Level 1:colcon.colcon_core.shell:create_environment_hook('tb_worlds', 'cmake_prefix_path')
[0.406s] INFO:colcon.colcon_core.shell:Creating environment hook '/home/ren/workspaces/turtlebot3_ws/src/turtlebot-maze/install/tb_worlds/share/tb_worlds/hook/cmake_prefix_path.ps1'
[0.406s] INFO:colcon.colcon_core.shell:Creating environment descriptor '/home/ren/workspaces/turtlebot3_ws/src/turtlebot-maze/install/tb_worlds/share/tb_worlds/hook/cmake_prefix_path.dsv'
[0.407s] INFO:colcon.colcon_core.shell:Creating environment hook '/home/ren/workspaces/turtlebot3_ws/src/turtlebot-maze/install/tb_worlds/share/tb_worlds/hook/cmake_prefix_path.sh'
[0.407s] Level 1:colcon.colcon_core.environment:checking '/home/ren/workspaces/turtlebot3_ws/src/turtlebot-maze/install/tb_worlds/bin'
[0.407s] Level 1:colcon.colcon_core.environment:checking '/home/ren/workspaces/turtlebot3_ws/src/turtlebot-maze/install/tb_worlds/lib/pkgconfig/tb_worlds.pc'
[0.408s] Level 1:colcon.colcon_core.environment:checking '/home/ren/workspaces/turtlebot3_ws/src/turtlebot-maze/install/tb_worlds/lib/python3.12/site-packages'
[0.408s] Level 1:colcon.colcon_core.environment:checking '/home/ren/workspaces/turtlebot3_ws/src/turtlebot-maze/install/tb_worlds/bin'
[0.409s] INFO:colcon.colcon_core.shell:Creating package script '/home/ren/workspaces/turtlebot3_ws/src/turtlebot-maze/install/tb_worlds/share/tb_worlds/package.ps1'
[0.410s] INFO:colcon.colcon_core.shell:Creating package descriptor '/home/ren/workspaces/turtlebot3_ws/src/turtlebot-maze/install/tb_worlds/share/tb_worlds/package.dsv'
[0.410s] INFO:colcon.colcon_core.shell:Creating package script '/home/ren/workspaces/turtlebot3_ws/src/turtlebot-maze/install/tb_worlds/share/tb_worlds/package.sh'
[0.411s] INFO:colcon.colcon_core.shell:Creating package script '/home/ren/workspaces/turtlebot3_ws/src/turtlebot-maze/install/tb_worlds/share/tb_worlds/package.bash'
[0.412s] INFO:colcon.colcon_core.shell:Creating package script '/home/ren/workspaces/turtlebot3_ws/src/turtlebot-maze/install/tb_worlds/share/tb_worlds/package.zsh'
[0.412s] Level 1:colcon.colcon_core.environment:create_file_with_runtime_dependencies(/home/ren/workspaces/turtlebot3_ws/src/turtlebot-maze/install/tb_worlds/share/colcon-core/packages/tb_worlds)
[0.413s] INFO:colcon.colcon_ros.task.ament_cmake.build:Building ROS package in '/home/ren/workspaces/turtlebot3_ws/src/turtlebot-maze/tb_autonomy' with build type 'ament_cmake'
[0.413s] INFO:colcon.colcon_cmake.task.cmake.build:Building CMake package in '/home/ren/workspaces/turtlebot3_ws/src/turtlebot-maze/tb_autonomy'
[0.413s] INFO:colcon.colcon_core.shell:Skip shell extension 'powershell' for command environment: Not usable outside of PowerShell
[0.415s] DEBUG:colcon.colcon_core.shell:Skip shell extension 'dsv' for command environment
[0.457s] DEBUG:colcon.colcon_core.event_handler.log_command:Invoking command in '/home/ren/workspaces/turtlebot3_ws/src/turtlebot-maze/build/tb_autonomy': AMENT_PREFIX_PATH=/home/ren/workspaces/turtlebot3_ws/src/turtlebot-maze/install/tb_worlds:${AMENT_PREFIX_PATH} CMAKE_PREFIX_PATH=/home/ren/workspaces/turtlebot3_ws/src/turtlebot-maze/install/tb_worlds:/home/ren/workspaces/turtlebot3_ws/src/install/tb_autonomy:/home/ren/workspaces/turtlebot3_ws/src/install/tb_worlds:/home/ren/workspaces/turtlebot3_ws/src/install/nav2_minimal_tb4_sim:/home/ren/workspaces/turtlebot3_ws/src/install/nav2_minimal_tb4_description:/home/ren/workspaces/turtlebot3_ws/src/install/nav2_minimal_tb3_sim:/opt/ros/jazzy/opt/gz_sim_vendor:/opt/ros/jazzy/opt/gz_sensors_vendor:/opt/ros/jazzy/opt/gz_physics_vendor:/opt/ros/jazzy/opt/sdformat_vendor:/opt/ros/jazzy/opt/gz_gui_vendor:/opt/ros/jazzy/opt/gz_transport_vendor:/opt/ros/jazzy/opt/gz_rendering_vendor:/opt/ros/jazzy/opt/gz_plugin_vendor:/opt/ros/jazzy/opt/gz_fuel_tools_vendor:/opt/ros/jazzy/opt/gz_msgs_vendor:/opt/ros/jazzy/opt/gz_common_vendor:/opt/ros/jazzy/opt/gz_math_vendor:/opt/ros/jazzy/opt/gz_utils_vendor:/opt/ros/jazzy/opt/gz_tools_vendor:/opt/ros/jazzy/opt/gz_ogre_next_vendor:/opt/ros/jazzy/opt/gz_dartsim_vendor:/opt/ros/jazzy/opt/gz_cmake_vendor:/opt/ros/jazzy /usr/bin/cmake --build /home/ren/workspaces/turtlebot3_ws/src/turtlebot-maze/build/tb_autonomy -- -j8 -l8
[0.960s] DEBUG:colcon.colcon_core.event_handler.log_command:Invoked command in '/home/ren/workspaces/turtlebot3_ws/src/turtlebot-maze/build/tb_autonomy' returned '0': AMENT_PREFIX_PATH=/home/ren/workspaces/turtlebot3_ws/src/turtlebot-maze/install/tb_worlds:${AMENT_PREFIX_PATH} CMAKE_PREFIX_PATH=/home/ren/workspaces/turtlebot3_ws/src/turtlebot-maze/install/tb_worlds:/home/ren/workspaces/turtlebot3_ws/src/install/tb_autonomy:/home/ren/workspaces/turtlebot3_ws/src/install/tb_worlds:/home/ren/workspaces/turtlebot3_ws/src/install/nav2_minimal_tb4_sim:/home/ren/workspaces/turtlebot3_ws/src/install/nav2_minimal_tb4_description:/home/ren/workspaces/turtlebot3_ws/src/install/nav2_minimal_tb3_sim:/opt/ros/jazzy/opt/gz_sim_vendor:/opt/ros/jazzy/opt/gz_sensors_vendor:/opt/ros/jazzy/opt/gz_physics_vendor:/opt/ros/jazzy/opt/sdformat_vendor:/opt/ros/jazzy/opt/gz_gui_vendor:/opt/ros/jazzy/opt/gz_transport_vendor:/opt/ros/jazzy/opt/gz_rendering_vendor:/opt/ros/jazzy/opt/gz_plugin_vendor:/opt/ros/jazzy/opt/gz_fuel_tools_vendor:/opt/ros/jazzy/opt/gz_msgs_vendor:/opt/ros/jazzy/opt/gz_common_vendor:/opt/ros/jazzy/opt/gz_math_vendor:/opt/ros/jazzy/opt/gz_utils_vendor:/opt/ros/jazzy/opt/gz_tools_vendor:/opt/ros/jazzy/opt/gz_ogre_next_vendor:/opt/ros/jazzy/opt/gz_dartsim_vendor:/opt/ros/jazzy/opt/gz_cmake_vendor:/opt/ros/jazzy /usr/bin/cmake --build /home/ren/workspaces/turtlebot3_ws/src/turtlebot-maze/build/tb_autonomy -- -j8 -l8
[0.962s] DEBUG:colcon.colcon_core.event_handler.log_command:Invoking command in '/home/ren/workspaces/turtlebot3_ws/src/turtlebot-maze/build/tb_autonomy': AMENT_PREFIX_PATH=/home/ren/workspaces/turtlebot3_ws/src/turtlebot-maze/install/tb_worlds:${AMENT_PREFIX_PATH} CMAKE_PREFIX_PATH=/home/ren/workspaces/turtlebot3_ws/src/turtlebot-maze/install/tb_worlds:/home/ren/workspaces/turtlebot3_ws/src/install/tb_autonomy:/home/ren/workspaces/turtlebot3_ws/src/install/tb_worlds:/home/ren/workspaces/turtlebot3_ws/src/install/nav2_minimal_tb4_sim:/home/ren/workspaces/turtlebot3_ws/src/install/nav2_minimal_tb4_description:/home/ren/workspaces/turtlebot3_ws/src/install/nav2_minimal_tb3_sim:/opt/ros/jazzy/opt/gz_sim_vendor:/opt/ros/jazzy/opt/gz_sensors_vendor:/opt/ros/jazzy/opt/gz_physics_vendor:/opt/ros/jazzy/opt/sdformat_vendor:/opt/ros/jazzy/opt/gz_gui_vendor:/opt/ros/jazzy/opt/gz_transport_vendor:/opt/ros/jazzy/opt/gz_rendering_vendor:/opt/ros/jazzy/opt/gz_plugin_vendor:/opt/ros/jazzy/opt/gz_fuel_tools_vendor:/opt/ros/jazzy/opt/gz_msgs_vendor:/opt/ros/jazzy/opt/gz_common_vendor:/opt/ros/jazzy/opt/gz_math_vendor:/opt/ros/jazzy/opt/gz_utils_vendor:/opt/ros/jazzy/opt/gz_tools_vendor:/opt/ros/jazzy/opt/gz_ogre_next_vendor:/opt/ros/jazzy/opt/gz_dartsim_vendor:/opt/ros/jazzy/opt/gz_cmake_vendor:/opt/ros/jazzy /usr/bin/cmake --install /home/ren/workspaces/turtlebot3_ws/src/turtlebot-maze/build/tb_autonomy
[1.023s] Level 1:colcon.colcon_core.environment:create_environment_scripts_only(tb_autonomy)
[1.023s] Level 1:colcon.colcon_core.environment:checking '/home/ren/workspaces/turtlebot3_ws/src/turtlebot-maze/install/tb_autonomy' for CMake module files
[1.024s] DEBUG:colcon.colcon_core.event_handler.log_command:Invoked command in '/home/ren/workspaces/turtlebot3_ws/src/turtlebot-maze/build/tb_autonomy' returned '0': AMENT_PREFIX_PATH=/home/ren/workspaces/turtlebot3_ws/src/turtlebot-maze/install/tb_worlds:${AMENT_PREFIX_PATH} CMAKE_PREFIX_PATH=/home/ren/workspaces/turtlebot3_ws/src/turtlebot-maze/install/tb_worlds:/home/ren/workspaces/turtlebot3_ws/src/install/tb_autonomy:/home/ren/workspaces/turtlebot3_ws/src/install/tb_worlds:/home/ren/workspaces/turtlebot3_ws/src/install/nav2_minimal_tb4_sim:/home/ren/workspaces/turtlebot3_ws/src/install/nav2_minimal_tb4_description:/home/ren/workspaces/turtlebot3_ws/src/install/nav2_minimal_tb3_sim:/opt/ros/jazzy/opt/gz_sim_vendor:/opt/ros/jazzy/opt/gz_sensors_vendor:/opt/ros/jazzy/opt/gz_physics_vendor:/opt/ros/jazzy/opt/sdformat_vendor:/opt/ros/jazzy/opt/gz_gui_vendor:/opt/ros/jazzy/opt/gz_transport_vendor:/opt/ros/jazzy/opt/gz_rendering_vendor:/opt/ros/jazzy/opt/gz_plugin_vendor:/opt/ros/jazzy/opt/gz_fuel_tools_vendor:/opt/ros/jazzy/opt/gz_msgs_vendor:/opt/ros/jazzy/opt/gz_common_vendor:/opt/ros/jazzy/opt/gz_math_vendor:/opt/ros/jazzy/opt/gz_utils_vendor:/opt/ros/jazzy/opt/gz_tools_vendor:/opt/ros/jazzy/opt/gz_ogre_next_vendor:/opt/ros/jazzy/opt/gz_dartsim_vendor:/opt/ros/jazzy/opt/gz_cmake_vendor:/opt/ros/jazzy /usr/bin/cmake --install /home/ren/workspaces/turtlebot3_ws/src/turtlebot-maze/build/tb_autonomy
[1.025s] Level 1:colcon.colcon_core.environment:checking '/home/ren/workspaces/turtlebot3_ws/src/turtlebot-maze/install/tb_autonomy' for CMake config files
[1.025s] Level 1:colcon.colcon_core.shell:create_environment_hook('tb_autonomy', 'cmake_prefix_path')
[1.025s] INFO:colcon.colcon_core.shell:Creating environment hook '/home/ren/workspaces/turtlebot3_ws/src/turtlebot-maze/install/tb_autonomy/share/tb_autonomy/hook/cmake_prefix_path.ps1'
[1.026s] INFO:colcon.colcon_core.shell:Creating environment descriptor '/home/ren/workspaces/turtlebot3_ws/src/turtlebot-maze/install/tb_autonomy/share/tb_autonomy/hook/cmake_prefix_path.dsv'
[1.027s] INFO:colcon.colcon_core.shell:Creating environment hook '/home/ren/workspaces/turtlebot3_ws/src/turtlebot-maze/install/tb_autonomy/share/tb_autonomy/hook/cmake_prefix_path.sh'
[1.028s] Level 1:colcon.colcon_core.environment:checking '/home/ren/workspaces/turtlebot3_ws/src/turtlebot-maze/install/tb_autonomy/lib'
[1.028s] Level 1:colcon.colcon_core.environment:checking '/home/ren/workspaces/turtlebot3_ws/src/turtlebot-maze/install/tb_autonomy/bin'
[1.028s] Level 1:colcon.colcon_core.environment:checking '/home/ren/workspaces/turtlebot3_ws/src/turtlebot-maze/install/tb_autonomy/lib/pkgconfig/tb_autonomy.pc'
[1.029s] Level 1:colcon.colcon_core.environment:checking '/home/ren/workspaces/turtlebot3_ws/src/turtlebot-maze/install/tb_autonomy/lib/python3.12/site-packages'
[1.030s] Level 1:colcon.colcon_core.shell:create_environment_hook('tb_autonomy', 'pythonpath')
[1.031s] INFO:colcon.colcon_core.shell:Creating environment hook '/home/ren/workspaces/turtlebot3_ws/src/turtlebot-maze/install/tb_autonomy/share/tb_autonomy/hook/pythonpath.ps1'
[1.034s] INFO:colcon.colcon_core.shell:Creating environment descriptor '/home/ren/workspaces/turtlebot3_ws/src/turtlebot-maze/install/tb_autonomy/share/tb_autonomy/hook/pythonpath.dsv'
[1.036s] INFO:colcon.colcon_core.shell:Creating environment hook '/home/ren/workspaces/turtlebot3_ws/src/turtlebot-maze/install/tb_autonomy/share/tb_autonomy/hook/pythonpath.sh'
[1.037s] Level 1:colcon.colcon_core.environment:checking '/home/ren/workspaces/turtlebot3_ws/src/turtlebot-maze/install/tb_autonomy/bin'
[1.038s] INFO:colcon.colcon_core.shell:Creating package script '/home/ren/workspaces/turtlebot3_ws/src/turtlebot-maze/install/tb_autonomy/share/tb_autonomy/package.ps1'
[1.038s] INFO:colcon.colcon_core.shell:Creating package descriptor '/home/ren/workspaces/turtlebot3_ws/src/turtlebot-maze/install/tb_autonomy/share/tb_autonomy/package.dsv'
[1.039s] INFO:colcon.colcon_core.shell:Creating package script '/home/ren/workspaces/turtlebot3_ws/src/turtlebot-maze/install/tb_autonomy/share/tb_autonomy/package.sh'
[1.039s] INFO:colcon.colcon_core.shell:Creating package script '/home/ren/workspaces/turtlebot3_ws/src/turtlebot-maze/install/tb_autonomy/share/tb_autonomy/package.bash'
[1.039s] INFO:colcon.colcon_core.shell:Creating package script '/home/ren/workspaces/turtlebot3_ws/src/turtlebot-maze/install/tb_autonomy/share/tb_autonomy/package.zsh'
[1.040s] Level 1:colcon.colcon_core.environment:create_file_with_runtime_dependencies(/home/ren/workspaces/turtlebot3_ws/src/turtlebot-maze/install/tb_autonomy/share/colcon-core/packages/tb_autonomy)
[1.040s] Level 1:colcon.colcon_core.environment:create_environment_scripts_only(tb_autonomy)
[1.040s] Level 1:colcon.colcon_core.environment:checking '/home/ren/workspaces/turtlebot3_ws/src/turtlebot-maze/install/tb_autonomy' for CMake module files
[1.041s] Level 1:colcon.colcon_core.environment:checking '/home/ren/workspaces/turtlebot3_ws/src/turtlebot-maze/install/tb_autonomy' for CMake config files
[1.041s] Level 1:colcon.colcon_core.shell:create_environment_hook('tb_autonomy', 'cmake_prefix_path')
[1.041s] INFO:colcon.colcon_core.shell:Creating environment hook '/home/ren/workspaces/turtlebot3_ws/src/turtlebot-maze/install/tb_autonomy/share/tb_autonomy/hook/cmake_prefix_path.ps1'
[1.042s] INFO:colcon.colcon_core.shell:Creating environment descriptor '/home/ren/workspaces/turtlebot3_ws/src/turtlebot-maze/install/tb_autonomy/share/tb_autonomy/hook/cmake_prefix_path.dsv'
[1.042s] INFO:colcon.colcon_core.shell:Creating environment hook '/home/ren/workspaces/turtlebot3_ws/src/turtlebot-maze/install/tb_autonomy/share/tb_autonomy/hook/cmake_prefix_path.sh'
[1.043s] Level 1:colcon.colcon_core.environment:checking '/home/ren/workspaces/turtlebot3_ws/src/turtlebot-maze/install/tb_autonomy/lib'
[1.043s] Level 1:colcon.colcon_core.environment:checking '/home/ren/workspaces/turtlebot3_ws/src/turtlebot-maze/install/tb_autonomy/bin'
[1.043s] Level 1:colcon.colcon_core.environment:checking '/home/ren/workspaces/turtlebot3_ws/src/turtlebot-maze/install/tb_autonomy/lib/pkgconfig/tb_autonomy.pc'
[1.043s] Level 1:colcon.colcon_core.environment:checking '/home/ren/workspaces/turtlebot3_ws/src/turtlebot-maze/install/tb_autonomy/lib/python3.12/site-packages'
[1.043s] Level 1:colcon.colcon_core.shell:create_environment_hook('tb_autonomy', 'pythonpath')
[1.044s] INFO:colcon.colcon_core.shell:Creating environment hook '/home/ren/workspaces/turtlebot3_ws/src/turtlebot-maze/install/tb_autonomy/share/tb_autonomy/hook/pythonpath.ps1'
[1.044s] INFO:colcon.colcon_core.shell:Creating environment descriptor '/home/ren/workspaces/turtlebot3_ws/src/turtlebot-maze/install/tb_autonomy/share/tb_autonomy/hook/pythonpath.dsv'
[1.044s] INFO:colcon.colcon_core.shell:Creating environment hook '/home/ren/workspaces/turtlebot3_ws/src/turtlebot-maze/install/tb_autonomy/share/tb_autonomy/hook/pythonpath.sh'
[1.045s] Level 1:colcon.colcon_core.environment:checking '/home/ren/workspaces/turtlebot3_ws/src/turtlebot-maze/install/tb_autonomy/bin'
[1.045s] INFO:colcon.colcon_core.shell:Creating package script '/home/ren/workspaces/turtlebot3_ws/src/turtlebot-maze/install/tb_autonomy/share/tb_autonomy/package.ps1'
[1.046s] INFO:colcon.colcon_core.shell:Creating package descriptor '/home/ren/workspaces/turtlebot3_ws/src/turtlebot-maze/install/tb_autonomy/share/tb_autonomy/package.dsv'
[1.047s] INFO:colcon.colcon_core.shell:Creating package script '/home/ren/workspaces/turtlebot3_ws/src/turtlebot-maze/install/tb_autonomy/share/tb_autonomy/package.sh'
[1.048s] INFO:colcon.colcon_core.shell:Creating package script '/home/ren/workspaces/turtlebot3_ws/src/turtlebot-maze/install/tb_autonomy/share/tb_autonomy/package.bash'
[1.048s] INFO:colcon.colcon_core.shell:Creating package script '/home/ren/workspaces/turtlebot3_ws/src/turtlebot-maze/install/tb_autonomy/share/tb_autonomy/package.zsh'
[1.049s] Level 1:colcon.colcon_core.environment:create_file_with_runtime_dependencies(/home/ren/workspaces/turtlebot3_ws/src/turtlebot-maze/install/tb_autonomy/share/colcon-core/packages/tb_autonomy)
[1.050s] DEBUG:colcon.colcon_parallel_executor.executor.parallel:closing loop
[1.050s] DEBUG:colcon.colcon_parallel_executor.executor.parallel:loop closed
[1.050s] DEBUG:colcon.colcon_parallel_executor.executor.parallel:run_until_complete finished with '0'
[1.051s] DEBUG:colcon.colcon_core.event_reactor:joining thread
[1.087s] INFO:colcon.colcon_core.plugin_system:Skipping extension 'colcon_notification.desktop_notification.notify_send': Could not find 'notify-send'
[1.087s] INFO:colcon.colcon_core.plugin_system:Skipping extension 'colcon_notification.desktop_notification.terminal_notifier': Not used on non-Darwin systems
[1.088s] INFO:colcon.colcon_core.plugin_system:Skipping extension 'colcon_notification.desktop_notification.win32': Not used on non-Windows systems
[1.088s] INFO:colcon.colcon_notification.desktop_notification:Sending desktop notification using 'notify2'
[1.089s] DEBUG:colcon.colcon_notification.desktop_notification.notify2:Failed to initialize notify2: org.freedesktop.DBus.Error.ServiceUnknown: The name org.freedesktop.Notifications was not provided by any .service files
[1.089s] DEBUG:colcon.colcon_core.event_reactor:joined thread
[1.090s] INFO:colcon.colcon_core.shell:Creating prefix script '/home/ren/workspaces/turtlebot3_ws/src/turtlebot-maze/install/local_setup.ps1'
[1.090s] INFO:colcon.colcon_core.shell:Creating prefix util module '/home/ren/workspaces/turtlebot3_ws/src/turtlebot-maze/install/_local_setup_util_ps1.py'
[1.091s] INFO:colcon.colcon_core.shell:Creating prefix chain script '/home/ren/workspaces/turtlebot3_ws/src/turtlebot-maze/install/setup.ps1'
[1.092s] INFO:colcon.colcon_core.shell:Creating prefix script '/home/ren/workspaces/turtlebot3_ws/src/turtlebot-maze/install/local_setup.sh'
[1.093s] INFO:colcon.colcon_core.shell:Creating prefix util module '/home/ren/workspaces/turtlebot3_ws/src/turtlebot-maze/install/_local_setup_util_sh.py'
[1.094s] INFO:colcon.colcon_core.shell:Creating prefix chain script '/home/ren/workspaces/turtlebot3_ws/src/turtlebot-maze/install/setup.sh'
[1.095s] INFO:colcon.colcon_core.shell:Creating prefix script '/home/ren/workspaces/turtlebot3_ws/src/turtlebot-maze/install/local_setup.bash'
[1.095s] INFO:colcon.colcon_core.shell:Creating prefix chain script '/home/ren/workspaces/turtlebot3_ws/src/turtlebot-maze/install/setup.bash'
[1.096s] INFO:colcon.colcon_core.shell:Creating prefix script '/home/ren/workspaces/turtlebot3_ws/src/turtlebot-maze/install/local_setup.zsh'
[1.096s] INFO:colcon.colcon_core.shell:Creating prefix chain script '/home/ren/workspaces/turtlebot3_ws/src/turtlebot-maze/install/setup.zsh'
