[0.020s] Invoking command in '/home/ren/workspaces/turtlebot3_ws/src/turtlebot-maze/build/tb_worlds': CMAKE_PREFIX_PATH=${CMAKE_PREFIX_PATH}:/opt/ros/jazzy /usr/bin/cmake /home/ren/workspaces/turtlebot3_ws/src/turtlebot-maze/tb_worlds -DCMAKE_INSTALL_PREFIX=/home/ren/workspaces/turtlebot3_ws/src/turtlebot-maze/install/tb_worlds
[0.335s] -- The C compiler identification is GNU 13.3.0
[0.773s] -- The CXX compiler identification is GNU 13.3.0
[1.218s] -- Detecting C compiler ABI info
[1.509s] -- Detecting C compiler ABI info - done
[1.539s] -- Check for working C compiler: /usr/bin/cc - skipped
[1.567s] -- Detecting C compile features
[1.569s] -- Detecting C compile features - done
[1.711s] -- Detecting CXX compiler ABI info
[1.958s] -- Detecting CXX compiler ABI info - done
[1.966s] -- Check for working CXX compiler: /usr/bin/c++ - skipped
[1.966s] -- Detecting CXX compile features
[1.967s] -- Detecting CXX compile features - done
[1.998s] -- Found ament_cmake: 2.5.5 (/opt/ros/jazzy/share/ament_cmake/cmake)
[2.221s] -- Found Python3: /usr/bin/python3 (found version "3.12.3") found components: Interpreter 
[2.544s] -- Found rclpy: 7.1.9 (/opt/ros/jazzy/share/rclpy/cmake)
[2.546s] -- Found geometry_msgs: 5.3.6 (/opt/ros/jazzy/share/geometry_msgs/cmake)
[2.720s] -- Found rosidl_generator_c: 4.6.7 (/opt/ros/jazzy/share/rosidl_generator_c/cmake)
[2.740s] -- Found rosidl_generator_cpp: 4.6.7 (/opt/ros/jazzy/share/rosidl_generator_cpp/cmake)
[2.785s] -- Using all available rosidl_typesupport_c: rosidl_typesupport_fastrtps_c;rosidl_typesupport_introspection_c
[2.824s] -- Using all available rosidl_typesupport_cpp: rosidl_typesupport_fastrtps_cpp;rosidl_typesupport_introspection_cpp
[3.522s] [31mCMake Error at CMakeLists.txt:12 (find_package):
[3.523s]   By not providing "Findnav2_minimal_tb3_sim.cmake" in CMAKE_MODULE_PATH this
[3.523s]   project has asked CMake to find a package configuration file provided by
[3.523s]   "nav2_minimal_tb3_sim", but CMake did not find one.
[3.523s] 
[3.523s]   Could not find a package configuration file provided by
[3.523s]   "nav2_minimal_tb3_sim" with any of the following names:
[3.523s] 
[3.523s]     nav2_minimal_tb3_simConfig.cmake
[3.523s]     nav2_minimal_tb3_sim-config.cmake
[3.523s] 
[3.523s]   Add the installation prefix of "nav2_minimal_tb3_sim" to CMAKE_PREFIX_PATH
[3.523s]   or set "nav2_minimal_tb3_sim_DIR" to a directory containing one of the
[3.523s]   above files.  If "nav2_minimal_tb3_sim" provides a separate development
[3.523s]   package or SDK, be sure it has been installed.
[3.523s] 
[3.523s] [0m
[3.524s] -- Configuring incomplete, errors occurred!
[3.530s] Invoked command in '/home/ren/workspaces/turtlebot3_ws/src/turtlebot-maze/build/tb_worlds' returned '1': CMAKE_PREFIX_PATH=${CMAKE_PREFIX_PATH}:/opt/ros/jazzy /usr/bin/cmake /home/ren/workspaces/turtlebot3_ws/src/turtlebot-maze/tb_worlds -DCMAKE_INSTALL_PREFIX=/home/ren/workspaces/turtlebot3_ws/src/turtlebot-maze/install/tb_worlds
