[100%] Built target stella_vslam
-- Install configuration: "Release"
-- Up-to-date: /home/ren/workspaces/turtlebot3_ws/src/turtlebot-maze/install/stella_vslam/lib/cmake/stella_vslam/stella_vslamConfigVersion.cmake
-- Up-to-date: /home/ren/workspaces/turtlebot3_ws/src/turtlebot-maze/install/stella_vslam/lib/cmake/stella_vslam/stella_vslamConfig.cmake
-- Up-to-date: /home/ren/workspaces/turtlebot3_ws/src/turtlebot-maze/install/stella_vslam/lib/cmake/stella_vslam/stella_vslamTargets.cmake
-- Up-to-date: /home/ren/workspaces/turtlebot3_ws/src/turtlebot-maze/install/stella_vslam/lib/cmake/stella_vslam/stella_vslamTargets-release.cmake
-- Up-to-date: /home/ren/workspaces/turtlebot3_ws/src/turtlebot-maze/install/stella_vslam/lib/libstella_vslam.so
-- Up-to-date: /home/ren/workspaces/turtlebot3_ws/src/turtlebot-maze/install/stella_vslam/include/stella_vslam/config.h
-- Up-to-date: /home/ren/workspaces/turtlebot3_ws/src/turtlebot-maze/install/stella_vslam/include/stella_vslam/global_optimization_module.h
-- Up-to-date: /home/ren/workspaces/turtlebot3_ws/src/turtlebot-maze/install/stella_vslam/include/stella_vslam/mapping_module.h
-- Up-to-date: /home/ren/workspaces/turtlebot3_ws/src/turtlebot-maze/install/stella_vslam/include/stella_vslam/system.h
-- Up-to-date: /home/ren/workspaces/turtlebot3_ws/src/turtlebot-maze/install/stella_vslam/include/stella_vslam/tracking_module.h
-- Up-to-date: /home/ren/workspaces/turtlebot3_ws/src/turtlebot-maze/install/stella_vslam/include/stella_vslam/type.h
-- Up-to-date: /home/ren/workspaces/turtlebot3_ws/src/turtlebot-maze/install/stella_vslam/include/stella_vslam/3rd/json/include/nlohmann/json.hpp
-- Up-to-date: /home/ren/workspaces/turtlebot3_ws/src/turtlebot-maze/install/stella_vslam/include/stella_vslam/3rd/json/include/nlohmann/json_fwd.hpp
-- Up-to-date: /home/ren/workspaces/turtlebot3_ws/src/turtlebot-maze/install/stella_vslam/include/stella_vslam/camera/base.h
-- Up-to-date: /home/ren/workspaces/turtlebot3_ws/src/turtlebot-maze/install/stella_vslam/include/stella_vslam/camera/camera_factory.h
-- Up-to-date: /home/ren/workspaces/turtlebot3_ws/src/turtlebot-maze/install/stella_vslam/include/stella_vslam/camera/equirectangular.h
-- Up-to-date: /home/ren/workspaces/turtlebot3_ws/src/turtlebot-maze/install/stella_vslam/include/stella_vslam/camera/fisheye.h
-- Up-to-date: /home/ren/workspaces/turtlebot3_ws/src/turtlebot-maze/install/stella_vslam/include/stella_vslam/camera/perspective.h
-- Up-to-date: /home/ren/workspaces/turtlebot3_ws/src/turtlebot-maze/install/stella_vslam/include/stella_vslam/camera/radial_division.h
-- Up-to-date: /home/ren/workspaces/turtlebot3_ws/src/turtlebot-maze/install/stella_vslam/include/stella_vslam/data/bow_database.h
-- Up-to-date: /home/ren/workspaces/turtlebot3_ws/src/turtlebot-maze/install/stella_vslam/include/stella_vslam/data/bow_vocabulary.h
-- Up-to-date: /home/ren/workspaces/turtlebot3_ws/src/turtlebot-maze/install/stella_vslam/include/stella_vslam/data/bow_vocabulary_fwd.h
-- Up-to-date: /home/ren/workspaces/turtlebot3_ws/src/turtlebot-maze/install/stella_vslam/include/stella_vslam/data/camera_database.h
-- Up-to-date: /home/ren/workspaces/turtlebot3_ws/src/turtlebot-maze/install/stella_vslam/include/stella_vslam/data/common.h
-- Up-to-date: /home/ren/workspaces/turtlebot3_ws/src/turtlebot-maze/install/stella_vslam/include/stella_vslam/data/frame.h
-- Up-to-date: /home/ren/workspaces/turtlebot3_ws/src/turtlebot-maze/install/stella_vslam/include/stella_vslam/data/frame_observation.h
-- Up-to-date: /home/ren/workspaces/turtlebot3_ws/src/turtlebot-maze/install/stella_vslam/include/stella_vslam/data/frame_statistics.h
-- Up-to-date: /home/ren/workspaces/turtlebot3_ws/src/turtlebot-maze/install/stella_vslam/include/stella_vslam/data/graph_node.h
-- Up-to-date: /home/ren/workspaces/turtlebot3_ws/src/turtlebot-maze/install/stella_vslam/include/stella_vslam/data/keyframe.h
-- Up-to-date: /home/ren/workspaces/turtlebot3_ws/src/turtlebot-maze/install/stella_vslam/include/stella_vslam/data/landmark.h
-- Up-to-date: /home/ren/workspaces/turtlebot3_ws/src/turtlebot-maze/install/stella_vslam/include/stella_vslam/data/map_database.h
-- Up-to-date: /home/ren/workspaces/turtlebot3_ws/src/turtlebot-maze/install/stella_vslam/include/stella_vslam/data/marker.h
-- Up-to-date: /home/ren/workspaces/turtlebot3_ws/src/turtlebot-maze/install/stella_vslam/include/stella_vslam/data/marker2d.h
-- Up-to-date: /home/ren/workspaces/turtlebot3_ws/src/turtlebot-maze/install/stella_vslam/include/stella_vslam/data/orb_params_database.h
-- Up-to-date: /home/ren/workspaces/turtlebot3_ws/src/turtlebot-maze/install/stella_vslam/include/stella_vslam/feature/orb_extractor.h
-- Up-to-date: /home/ren/workspaces/turtlebot3_ws/src/turtlebot-maze/install/stella_vslam/include/stella_vslam/feature/orb_impl.h
-- Up-to-date: /home/ren/workspaces/turtlebot3_ws/src/turtlebot-maze/install/stella_vslam/include/stella_vslam/feature/orb_params.h
-- Up-to-date: /home/ren/workspaces/turtlebot3_ws/src/turtlebot-maze/install/stella_vslam/include/stella_vslam/feature/orb_point_pairs.h
-- Up-to-date: /home/ren/workspaces/turtlebot3_ws/src/turtlebot-maze/install/stella_vslam/include/stella_vslam/initialize/base.h
-- Up-to-date: /home/ren/workspaces/turtlebot3_ws/src/turtlebot-maze/install/stella_vslam/include/stella_vslam/initialize/bearing_vector.h
-- Up-to-date: /home/ren/workspaces/turtlebot3_ws/src/turtlebot-maze/install/stella_vslam/include/stella_vslam/initialize/perspective.h
-- Up-to-date: /home/ren/workspaces/turtlebot3_ws/src/turtlebot-maze/install/stella_vslam/include/stella_vslam/io/map_database_io_base.h
-- Up-to-date: /home/ren/workspaces/turtlebot3_ws/src/turtlebot-maze/install/stella_vslam/include/stella_vslam/io/map_database_io_factory.h
-- Up-to-date: /home/ren/workspaces/turtlebot3_ws/src/turtlebot-maze/install/stella_vslam/include/stella_vslam/io/map_database_io_msgpack.h
-- Up-to-date: /home/ren/workspaces/turtlebot3_ws/src/turtlebot-maze/install/stella_vslam/include/stella_vslam/io/map_database_io_sqlite3.h
-- Up-to-date: /home/ren/workspaces/turtlebot3_ws/src/turtlebot-maze/install/stella_vslam/include/stella_vslam/io/trajectory_io.h
-- Up-to-date: /home/ren/workspaces/turtlebot3_ws/src/turtlebot-maze/install/stella_vslam/include/stella_vslam/marker_detector/aruco.h
-- Up-to-date: /home/ren/workspaces/turtlebot3_ws/src/turtlebot-maze/install/stella_vslam/include/stella_vslam/marker_detector/aruconano.h
-- Up-to-date: /home/ren/workspaces/turtlebot3_ws/src/turtlebot-maze/install/stella_vslam/include/stella_vslam/marker_detector/base.h
-- Up-to-date: /home/ren/workspaces/turtlebot3_ws/src/turtlebot-maze/install/stella_vslam/include/stella_vslam/marker_model/aruco.h
-- Up-to-date: /home/ren/workspaces/turtlebot3_ws/src/turtlebot-maze/install/stella_vslam/include/stella_vslam/marker_model/aruconano.h
-- Up-to-date: /home/ren/workspaces/turtlebot3_ws/src/turtlebot-maze/install/stella_vslam/include/stella_vslam/marker_model/base.h
-- Up-to-date: /home/ren/workspaces/turtlebot3_ws/src/turtlebot-maze/install/stella_vslam/include/stella_vslam/match/area.h
-- Up-to-date: /home/ren/workspaces/turtlebot3_ws/src/turtlebot-maze/install/stella_vslam/include/stella_vslam/match/base.h
-- Up-to-date: /home/ren/workspaces/turtlebot3_ws/src/turtlebot-maze/install/stella_vslam/include/stella_vslam/match/bow_tree.h
-- Up-to-date: /home/ren/workspaces/turtlebot3_ws/src/turtlebot-maze/install/stella_vslam/include/stella_vslam/match/fuse.h
-- Up-to-date: /home/ren/workspaces/turtlebot3_ws/src/turtlebot-maze/install/stella_vslam/include/stella_vslam/match/projection.h
-- Up-to-date: /home/ren/workspaces/turtlebot3_ws/src/turtlebot-maze/install/stella_vslam/include/stella_vslam/match/robust.h
-- Up-to-date: /home/ren/workspaces/turtlebot3_ws/src/turtlebot-maze/install/stella_vslam/include/stella_vslam/match/stereo.h
-- Up-to-date: /home/ren/workspaces/turtlebot3_ws/src/turtlebot-maze/install/stella_vslam/include/stella_vslam/module/frame_tracker.h
-- Up-to-date: /home/ren/workspaces/turtlebot3_ws/src/turtlebot-maze/install/stella_vslam/include/stella_vslam/module/initializer.h
-- Up-to-date: /home/ren/workspaces/turtlebot3_ws/src/turtlebot-maze/install/stella_vslam/include/stella_vslam/module/keyframe_inserter.h
-- Up-to-date: /home/ren/workspaces/turtlebot3_ws/src/turtlebot-maze/install/stella_vslam/include/stella_vslam/module/local_map_cleaner.h
-- Up-to-date: /home/ren/workspaces/turtlebot3_ws/src/turtlebot-maze/install/stella_vslam/include/stella_vslam/module/local_map_updater.h
-- Up-to-date: /home/ren/workspaces/turtlebot3_ws/src/turtlebot-maze/install/stella_vslam/include/stella_vslam/module/loop_bundle_adjuster.h
-- Up-to-date: /home/ren/workspaces/turtlebot3_ws/src/turtlebot-maze/install/stella_vslam/include/stella_vslam/module/loop_detector.h
-- Up-to-date: /home/ren/workspaces/turtlebot3_ws/src/turtlebot-maze/install/stella_vslam/include/stella_vslam/module/marker_initializer.h
-- Up-to-date: /home/ren/workspaces/turtlebot3_ws/src/turtlebot-maze/install/stella_vslam/include/stella_vslam/module/relocalizer.h
-- Up-to-date: /home/ren/workspaces/turtlebot3_ws/src/turtlebot-maze/install/stella_vslam/include/stella_vslam/module/two_view_triangulator.h
-- Up-to-date: /home/ren/workspaces/turtlebot3_ws/src/turtlebot-maze/install/stella_vslam/include/stella_vslam/module/type.h
-- Up-to-date: /home/ren/workspaces/turtlebot3_ws/src/turtlebot-maze/install/stella_vslam/include/stella_vslam/optimize/global_bundle_adjuster.h
-- Up-to-date: /home/ren/workspaces/turtlebot3_ws/src/turtlebot-maze/install/stella_vslam/include/stella_vslam/optimize/graph_optimizer.h
-- Up-to-date: /home/ren/workspaces/turtlebot3_ws/src/turtlebot-maze/install/stella_vslam/include/stella_vslam/optimize/local_bundle_adjuster.h
-- Up-to-date: /home/ren/workspaces/turtlebot3_ws/src/turtlebot-maze/install/stella_vslam/include/stella_vslam/optimize/local_bundle_adjuster_factory.h
-- Up-to-date: /home/ren/workspaces/turtlebot3_ws/src/turtlebot-maze/install/stella_vslam/include/stella_vslam/optimize/local_bundle_adjuster_g2o.h
-- Up-to-date: /home/ren/workspaces/turtlebot3_ws/src/turtlebot-maze/install/stella_vslam/include/stella_vslam/optimize/local_bundle_adjuster_gtsam.h
-- Up-to-date: /home/ren/workspaces/turtlebot3_ws/src/turtlebot-maze/install/stella_vslam/include/stella_vslam/optimize/pose_optimizer.h
-- Up-to-date: /home/ren/workspaces/turtlebot3_ws/src/turtlebot-maze/install/stella_vslam/include/stella_vslam/optimize/pose_optimizer_factory.h
-- Up-to-date: /home/ren/workspaces/turtlebot3_ws/src/turtlebot-maze/install/stella_vslam/include/stella_vslam/optimize/pose_optimizer_g2o.h
-- Up-to-date: /home/ren/workspaces/turtlebot3_ws/src/turtlebot-maze/install/stella_vslam/include/stella_vslam/optimize/pose_optimizer_gtsam.h
-- Up-to-date: /home/ren/workspaces/turtlebot3_ws/src/turtlebot-maze/install/stella_vslam/include/stella_vslam/optimize/terminate_action.h
-- Up-to-date: /home/ren/workspaces/turtlebot3_ws/src/turtlebot-maze/install/stella_vslam/include/stella_vslam/optimize/transform_optimizer.h
-- Up-to-date: /home/ren/workspaces/turtlebot3_ws/src/turtlebot-maze/install/stella_vslam/include/stella_vslam/optimize/internal/landmark_vertex.h
-- Up-to-date: /home/ren/workspaces/turtlebot3_ws/src/turtlebot-maze/install/stella_vslam/include/stella_vslam/optimize/internal/landmark_vertex_container.h
-- Up-to-date: /home/ren/workspaces/turtlebot3_ws/src/turtlebot-maze/install/stella_vslam/include/stella_vslam/optimize/internal/marker_vertex_container.h
-- Up-to-date: /home/ren/workspaces/turtlebot3_ws/src/turtlebot-maze/install/stella_vslam/include/stella_vslam/optimize/internal/se3/equirectangular_pose_opt_edge.h
-- Up-to-date: /home/ren/workspaces/turtlebot3_ws/src/turtlebot-maze/install/stella_vslam/include/stella_vslam/optimize/internal/se3/equirectangular_reproj_edge.h
-- Up-to-date: /home/ren/workspaces/turtlebot3_ws/src/turtlebot-maze/install/stella_vslam/include/stella_vslam/optimize/internal/se3/perspective_pose_opt_edge.h
-- Up-to-date: /home/ren/workspaces/turtlebot3_ws/src/turtlebot-maze/install/stella_vslam/include/stella_vslam/optimize/internal/se3/perspective_reproj_edge.h
-- Up-to-date: /home/ren/workspaces/turtlebot3_ws/src/turtlebot-maze/install/stella_vslam/include/stella_vslam/optimize/internal/se3/pose_opt_edge_wrapper.h
-- Up-to-date: /home/ren/workspaces/turtlebot3_ws/src/turtlebot-maze/install/stella_vslam/include/stella_vslam/optimize/internal/se3/reproj_edge_wrapper.h
-- Up-to-date: /home/ren/workspaces/turtlebot3_ws/src/turtlebot-maze/install/stella_vslam/include/stella_vslam/optimize/internal/se3/shot_vertex.h
-- Up-to-date: /home/ren/workspaces/turtlebot3_ws/src/turtlebot-maze/install/stella_vslam/include/stella_vslam/optimize/internal/se3/shot_vertex_container.h
-- Up-to-date: /home/ren/workspaces/turtlebot3_ws/src/turtlebot-maze/install/stella_vslam/include/stella_vslam/optimize/internal/sim3/backward_reproj_edge.h
-- Up-to-date: /home/ren/workspaces/turtlebot3_ws/src/turtlebot-maze/install/stella_vslam/include/stella_vslam/optimize/internal/sim3/forward_reproj_edge.h
-- Up-to-date: /home/ren/workspaces/turtlebot3_ws/src/turtlebot-maze/install/stella_vslam/include/stella_vslam/optimize/internal/sim3/graph_opt_edge.h
-- Up-to-date: /home/ren/workspaces/turtlebot3_ws/src/turtlebot-maze/install/stella_vslam/include/stella_vslam/optimize/internal/sim3/mutual_reproj_edge_wrapper.h
-- Up-to-date: /home/ren/workspaces/turtlebot3_ws/src/turtlebot-maze/install/stella_vslam/include/stella_vslam/optimize/internal/sim3/shot_vertex.h
-- Up-to-date: /home/ren/workspaces/turtlebot3_ws/src/turtlebot-maze/install/stella_vslam/include/stella_vslam/optimize/internal/sim3/transform_vertex.h
-- Up-to-date: /home/ren/workspaces/turtlebot3_ws/src/turtlebot-maze/install/stella_vslam/include/stella_vslam/optimize/internal_gtsam/projection_factor.h
-- Up-to-date: /home/ren/workspaces/turtlebot3_ws/src/turtlebot-maze/install/stella_vslam/include/stella_vslam/publish/frame_publisher.h
-- Up-to-date: /home/ren/workspaces/turtlebot3_ws/src/turtlebot-maze/install/stella_vslam/include/stella_vslam/publish/map_publisher.h
-- Up-to-date: /home/ren/workspaces/turtlebot3_ws/src/turtlebot-maze/install/stella_vslam/include/stella_vslam/solve/common.h
-- Up-to-date: /home/ren/workspaces/turtlebot3_ws/src/turtlebot-maze/install/stella_vslam/include/stella_vslam/solve/essential_5pt.h
-- Up-to-date: /home/ren/workspaces/turtlebot3_ws/src/turtlebot-maze/install/stella_vslam/include/stella_vslam/solve/essential_solver.h
-- Up-to-date: /home/ren/workspaces/turtlebot3_ws/src/turtlebot-maze/install/stella_vslam/include/stella_vslam/solve/fundamental_solver.h
-- Up-to-date: /home/ren/workspaces/turtlebot3_ws/src/turtlebot-maze/install/stella_vslam/include/stella_vslam/solve/homography_solver.h
-- Up-to-date: /home/ren/workspaces/turtlebot3_ws/src/turtlebot-maze/install/stella_vslam/include/stella_vslam/solve/pnp_solver.h
-- Up-to-date: /home/ren/workspaces/turtlebot3_ws/src/turtlebot-maze/install/stella_vslam/include/stella_vslam/solve/triangulator.h
-- Up-to-date: /home/ren/workspaces/turtlebot3_ws/src/turtlebot-maze/install/stella_vslam/include/stella_vslam/util/angle.h
-- Up-to-date: /home/ren/workspaces/turtlebot3_ws/src/turtlebot-maze/install/stella_vslam/include/stella_vslam/util/converter.h
-- Up-to-date: /home/ren/workspaces/turtlebot3_ws/src/turtlebot-maze/install/stella_vslam/include/stella_vslam/util/fancy_index.h
-- Up-to-date: /home/ren/workspaces/turtlebot3_ws/src/turtlebot-maze/install/stella_vslam/include/stella_vslam/util/image_converter.h
-- Up-to-date: /home/ren/workspaces/turtlebot3_ws/src/turtlebot-maze/install/stella_vslam/include/stella_vslam/util/random_array.h
-- Up-to-date: /home/ren/workspaces/turtlebot3_ws/src/turtlebot-maze/install/stella_vslam/include/stella_vslam/util/sqlite3.h
-- Up-to-date: /home/ren/workspaces/turtlebot3_ws/src/turtlebot-maze/install/stella_vslam/include/stella_vslam/util/stereo_rectifier.h
-- Up-to-date: /home/ren/workspaces/turtlebot3_ws/src/turtlebot-maze/install/stella_vslam/include/stella_vslam/util/string.h
-- Up-to-date: /home/ren/workspaces/turtlebot3_ws/src/turtlebot-maze/install/stella_vslam/include/stella_vslam/util/trigonometric.h
-- Up-to-date: /home/ren/workspaces/turtlebot3_ws/src/turtlebot-maze/install/stella_vslam/include/stella_vslam/util/yaml.h
