[0.009s] Invoking command in '/home/ren/workspaces/turtlebot3_ws/src/turtlebot-maze/build/stella_vslam': CMAKE_PREFIX_PATH=${CMAKE_PREFIX_PATH}:/opt/ros/jazzy /usr/bin/cmake --build /home/ren/workspaces/turtlebot3_ws/src/turtlebot-maze/build/stella_vslam -- -j8 -l8
[0.093s] [100%] Built target stella_vslam
[0.103s] Invoked command in '/home/ren/workspaces/turtlebot3_ws/src/turtlebot-maze/build/stella_vslam' returned '0': CMAKE_PREFIX_PATH=${CMAKE_PREFIX_PATH}:/opt/ros/jazzy /usr/bin/cmake --build /home/ren/workspaces/turtlebot3_ws/src/turtlebot-maze/build/stella_vslam -- -j8 -l8
[0.103s] Invoking command in '/home/ren/workspaces/turtlebot3_ws/src/turtlebot-maze/build/stella_vslam': CMAKE_PREFIX_PATH=${CMAKE_PREFIX_PATH}:/opt/ros/jazzy /usr/bin/cmake --install /home/ren/workspaces/turtlebot3_ws/src/turtlebot-maze/build/stella_vslam
[0.109s] -- Install configuration: "Release"
[0.109s] -- Up-to-date: /home/ren/workspaces/turtlebot3_ws/src/turtlebot-maze/install/stella_vslam/lib/cmake/stella_vslam/stella_vslamConfigVersion.cmake
[0.109s] -- Up-to-date: /home/ren/workspaces/turtlebot3_ws/src/turtlebot-maze/install/stella_vslam/lib/cmake/stella_vslam/stella_vslamConfig.cmake
[0.109s] -- Up-to-date: /home/ren/workspaces/turtlebot3_ws/src/turtlebot-maze/install/stella_vslam/lib/cmake/stella_vslam/stella_vslamTargets.cmake
[0.109s] -- Up-to-date: /home/ren/workspaces/turtlebot3_ws/src/turtlebot-maze/install/stella_vslam/lib/cmake/stella_vslam/stella_vslamTargets-release.cmake
[0.109s] -- Up-to-date: /home/ren/workspaces/turtlebot3_ws/src/turtlebot-maze/install/stella_vslam/lib/libstella_vslam.so
[0.109s] -- Up-to-date: /home/ren/workspaces/turtlebot3_ws/src/turtlebot-maze/install/stella_vslam/include/stella_vslam/config.h
[0.109s] -- Up-to-date: /home/ren/workspaces/turtlebot3_ws/src/turtlebot-maze/install/stella_vslam/include/stella_vslam/global_optimization_module.h
[0.109s] -- Up-to-date: /home/ren/workspaces/turtlebot3_ws/src/turtlebot-maze/install/stella_vslam/include/stella_vslam/mapping_module.h
[0.109s] -- Up-to-date: /home/ren/workspaces/turtlebot3_ws/src/turtlebot-maze/install/stella_vslam/include/stella_vslam/system.h
[0.109s] -- Up-to-date: /home/ren/workspaces/turtlebot3_ws/src/turtlebot-maze/install/stella_vslam/include/stella_vslam/tracking_module.h
[0.110s] -- Up-to-date: /home/ren/workspaces/turtlebot3_ws/src/turtlebot-maze/install/stella_vslam/include/stella_vslam/type.h
[0.110s] -- Up-to-date: /home/ren/workspaces/turtlebot3_ws/src/turtlebot-maze/install/stella_vslam/include/stella_vslam/3rd/json/include/nlohmann/json.hpp
[0.110s] -- Up-to-date: /home/ren/workspaces/turtlebot3_ws/src/turtlebot-maze/install/stella_vslam/include/stella_vslam/3rd/json/include/nlohmann/json_fwd.hpp
[0.110s] -- Up-to-date: /home/ren/workspaces/turtlebot3_ws/src/turtlebot-maze/install/stella_vslam/include/stella_vslam/camera/base.h
[0.111s] -- Up-to-date: /home/ren/workspaces/turtlebot3_ws/src/turtlebot-maze/install/stella_vslam/include/stella_vslam/camera/camera_factory.h
[0.111s] -- Up-to-date: /home/ren/workspaces/turtlebot3_ws/src/turtlebot-maze/install/stella_vslam/include/stella_vslam/camera/equirectangular.h
[0.111s] -- Up-to-date: /home/ren/workspaces/turtlebot3_ws/src/turtlebot-maze/install/stella_vslam/include/stella_vslam/camera/fisheye.h
[0.111s] -- Up-to-date: /home/ren/workspaces/turtlebot3_ws/src/turtlebot-maze/install/stella_vslam/include/stella_vslam/camera/perspective.h
[0.111s] -- Up-to-date: /home/ren/workspaces/turtlebot3_ws/src/turtlebot-maze/install/stella_vslam/include/stella_vslam/camera/radial_division.h
[0.112s] -- Up-to-date: /home/ren/workspaces/turtlebot3_ws/src/turtlebot-maze/install/stella_vslam/include/stella_vslam/data/bow_database.h
[0.112s] -- Up-to-date: /home/ren/workspaces/turtlebot3_ws/src/turtlebot-maze/install/stella_vslam/include/stella_vslam/data/bow_vocabulary.h
[0.112s] -- Up-to-date: /home/ren/workspaces/turtlebot3_ws/src/turtlebot-maze/install/stella_vslam/include/stella_vslam/data/bow_vocabulary_fwd.h
[0.112s] -- Up-to-date: /home/ren/workspaces/turtlebot3_ws/src/turtlebot-maze/install/stella_vslam/include/stella_vslam/data/camera_database.h
[0.112s] -- Up-to-date: /home/ren/workspaces/turtlebot3_ws/src/turtlebot-maze/install/stella_vslam/include/stella_vslam/data/common.h
[0.112s] -- Up-to-date: /home/ren/workspaces/turtlebot3_ws/src/turtlebot-maze/install/stella_vslam/include/stella_vslam/data/frame.h
[0.112s] -- Up-to-date: /home/ren/workspaces/turtlebot3_ws/src/turtlebot-maze/install/stella_vslam/include/stella_vslam/data/frame_observation.h
[0.112s] -- Up-to-date: /home/ren/workspaces/turtlebot3_ws/src/turtlebot-maze/install/stella_vslam/include/stella_vslam/data/frame_statistics.h
[0.112s] -- Up-to-date: /home/ren/workspaces/turtlebot3_ws/src/turtlebot-maze/install/stella_vslam/include/stella_vslam/data/graph_node.h
[0.112s] -- Up-to-date: /home/ren/workspaces/turtlebot3_ws/src/turtlebot-maze/install/stella_vslam/include/stella_vslam/data/keyframe.h
[0.112s] -- Up-to-date: /home/ren/workspaces/turtlebot3_ws/src/turtlebot-maze/install/stella_vslam/include/stella_vslam/data/landmark.h
[0.112s] -- Up-to-date: /home/ren/workspaces/turtlebot3_ws/src/turtlebot-maze/install/stella_vslam/include/stella_vslam/data/map_database.h
[0.112s] -- Up-to-date: /home/ren/workspaces/turtlebot3_ws/src/turtlebot-maze/install/stella_vslam/include/stella_vslam/data/marker.h
[0.112s] -- Up-to-date: /home/ren/workspaces/turtlebot3_ws/src/turtlebot-maze/install/stella_vslam/include/stella_vslam/data/marker2d.h
[0.112s] -- Up-to-date: /home/ren/workspaces/turtlebot3_ws/src/turtlebot-maze/install/stella_vslam/include/stella_vslam/data/orb_params_database.h
[0.112s] -- Up-to-date: /home/ren/workspaces/turtlebot3_ws/src/turtlebot-maze/install/stella_vslam/include/stella_vslam/feature/orb_extractor.h
[0.112s] -- Up-to-date: /home/ren/workspaces/turtlebot3_ws/src/turtlebot-maze/install/stella_vslam/include/stella_vslam/feature/orb_impl.h
[0.112s] -- Up-to-date: /home/ren/workspaces/turtlebot3_ws/src/turtlebot-maze/install/stella_vslam/include/stella_vslam/feature/orb_params.h
[0.112s] -- Up-to-date: /home/ren/workspaces/turtlebot3_ws/src/turtlebot-maze/install/stella_vslam/include/stella_vslam/feature/orb_point_pairs.h
[0.112s] -- Up-to-date: /home/ren/workspaces/turtlebot3_ws/src/turtlebot-maze/install/stella_vslam/include/stella_vslam/initialize/base.h
[0.112s] -- Up-to-date: /home/ren/workspaces/turtlebot3_ws/src/turtlebot-maze/install/stella_vslam/include/stella_vslam/initialize/bearing_vector.h
[0.113s] -- Up-to-date: /home/ren/workspaces/turtlebot3_ws/src/turtlebot-maze/install/stella_vslam/include/stella_vslam/initialize/perspective.h
[0.113s] -- Up-to-date: /home/ren/workspaces/turtlebot3_ws/src/turtlebot-maze/install/stella_vslam/include/stella_vslam/io/map_database_io_base.h
[0.113s] -- Up-to-date: /home/ren/workspaces/turtlebot3_ws/src/turtlebot-maze/install/stella_vslam/include/stella_vslam/io/map_database_io_factory.h
[0.113s] -- Up-to-date: /home/ren/workspaces/turtlebot3_ws/src/turtlebot-maze/install/stella_vslam/include/stella_vslam/io/map_database_io_msgpack.h
[0.113s] -- Up-to-date: /home/ren/workspaces/turtlebot3_ws/src/turtlebot-maze/install/stella_vslam/include/stella_vslam/io/map_database_io_sqlite3.h
[0.113s] -- Up-to-date: /home/ren/workspaces/turtlebot3_ws/src/turtlebot-maze/install/stella_vslam/include/stella_vslam/io/trajectory_io.h
[0.113s] -- Up-to-date: /home/ren/workspaces/turtlebot3_ws/src/turtlebot-maze/install/stella_vslam/include/stella_vslam/marker_detector/aruco.h
[0.113s] -- Up-to-date: /home/ren/workspaces/turtlebot3_ws/src/turtlebot-maze/install/stella_vslam/include/stella_vslam/marker_detector/aruconano.h
[0.113s] -- Up-to-date: /home/ren/workspaces/turtlebot3_ws/src/turtlebot-maze/install/stella_vslam/include/stella_vslam/marker_detector/base.h
[0.113s] -- Up-to-date: /home/ren/workspaces/turtlebot3_ws/src/turtlebot-maze/install/stella_vslam/include/stella_vslam/marker_model/aruco.h
[0.113s] -- Up-to-date: /home/ren/workspaces/turtlebot3_ws/src/turtlebot-maze/install/stella_vslam/include/stella_vslam/marker_model/aruconano.h
[0.113s] -- Up-to-date: /home/ren/workspaces/turtlebot3_ws/src/turtlebot-maze/install/stella_vslam/include/stella_vslam/marker_model/base.h
[0.113s] -- Up-to-date: /home/ren/workspaces/turtlebot3_ws/src/turtlebot-maze/install/stella_vslam/include/stella_vslam/match/area.h
[0.113s] -- Up-to-date: /home/ren/workspaces/turtlebot3_ws/src/turtlebot-maze/install/stella_vslam/include/stella_vslam/match/base.h
[0.113s] -- Up-to-date: /home/ren/workspaces/turtlebot3_ws/src/turtlebot-maze/install/stella_vslam/include/stella_vslam/match/bow_tree.h
[0.113s] -- Up-to-date: /home/ren/workspaces/turtlebot3_ws/src/turtlebot-maze/install/stella_vslam/include/stella_vslam/match/fuse.h
[0.113s] -- Up-to-date: /home/ren/workspaces/turtlebot3_ws/src/turtlebot-maze/install/stella_vslam/include/stella_vslam/match/projection.h
[0.113s] -- Up-to-date: /home/ren/workspaces/turtlebot3_ws/src/turtlebot-maze/install/stella_vslam/include/stella_vslam/match/robust.h
[0.113s] -- Up-to-date: /home/ren/workspaces/turtlebot3_ws/src/turtlebot-maze/install/stella_vslam/include/stella_vslam/match/stereo.h
[0.113s] -- Up-to-date: /home/ren/workspaces/turtlebot3_ws/src/turtlebot-maze/install/stella_vslam/include/stella_vslam/module/frame_tracker.h
[0.113s] -- Up-to-date: /home/ren/workspaces/turtlebot3_ws/src/turtlebot-maze/install/stella_vslam/include/stella_vslam/module/initializer.h
[0.114s] -- Up-to-date: /home/ren/workspaces/turtlebot3_ws/src/turtlebot-maze/install/stella_vslam/include/stella_vslam/module/keyframe_inserter.h
[0.114s] -- Up-to-date: /home/ren/workspaces/turtlebot3_ws/src/turtlebot-maze/install/stella_vslam/include/stella_vslam/module/local_map_cleaner.h
[0.114s] -- Up-to-date: /home/ren/workspaces/turtlebot3_ws/src/turtlebot-maze/install/stella_vslam/include/stella_vslam/module/local_map_updater.h
[0.114s] -- Up-to-date: /home/ren/workspaces/turtlebot3_ws/src/turtlebot-maze/install/stella_vslam/include/stella_vslam/module/loop_bundle_adjuster.h
[0.114s] -- Up-to-date: /home/ren/workspaces/turtlebot3_ws/src/turtlebot-maze/install/stella_vslam/include/stella_vslam/module/loop_detector.h
[0.114s] -- Up-to-date: /home/ren/workspaces/turtlebot3_ws/src/turtlebot-maze/install/stella_vslam/include/stella_vslam/module/marker_initializer.h
[0.114s] -- Up-to-date: /home/ren/workspaces/turtlebot3_ws/src/turtlebot-maze/install/stella_vslam/include/stella_vslam/module/relocalizer.h
[0.114s] -- Up-to-date: /home/ren/workspaces/turtlebot3_ws/src/turtlebot-maze/install/stella_vslam/include/stella_vslam/module/two_view_triangulator.h
[0.114s] -- Up-to-date: /home/ren/workspaces/turtlebot3_ws/src/turtlebot-maze/install/stella_vslam/include/stella_vslam/module/type.h
[0.114s] -- Up-to-date: /home/ren/workspaces/turtlebot3_ws/src/turtlebot-maze/install/stella_vslam/include/stella_vslam/optimize/global_bundle_adjuster.h
[0.114s] -- Up-to-date: /home/ren/workspaces/turtlebot3_ws/src/turtlebot-maze/install/stella_vslam/include/stella_vslam/optimize/graph_optimizer.h
[0.114s] -- Up-to-date: /home/ren/workspaces/turtlebot3_ws/src/turtlebot-maze/install/stella_vslam/include/stella_vslam/optimize/local_bundle_adjuster.h
[0.114s] -- Up-to-date: /home/ren/workspaces/turtlebot3_ws/src/turtlebot-maze/install/stella_vslam/include/stella_vslam/optimize/local_bundle_adjuster_factory.h
[0.114s] -- Up-to-date: /home/ren/workspaces/turtlebot3_ws/src/turtlebot-maze/install/stella_vslam/include/stella_vslam/optimize/local_bundle_adjuster_g2o.h
[0.114s] -- Up-to-date: /home/ren/workspaces/turtlebot3_ws/src/turtlebot-maze/install/stella_vslam/include/stella_vslam/optimize/local_bundle_adjuster_gtsam.h
[0.114s] -- Up-to-date: /home/ren/workspaces/turtlebot3_ws/src/turtlebot-maze/install/stella_vslam/include/stella_vslam/optimize/pose_optimizer.h
[0.115s] -- Up-to-date: /home/ren/workspaces/turtlebot3_ws/src/turtlebot-maze/install/stella_vslam/include/stella_vslam/optimize/pose_optimizer_factory.h
[0.115s] -- Up-to-date: /home/ren/workspaces/turtlebot3_ws/src/turtlebot-maze/install/stella_vslam/include/stella_vslam/optimize/pose_optimizer_g2o.h
[0.115s] -- Up-to-date: /home/ren/workspaces/turtlebot3_ws/src/turtlebot-maze/install/stella_vslam/include/stella_vslam/optimize/pose_optimizer_gtsam.h
[0.115s] -- Up-to-date: /home/ren/workspaces/turtlebot3_ws/src/turtlebot-maze/install/stella_vslam/include/stella_vslam/optimize/terminate_action.h
[0.115s] -- Up-to-date: /home/ren/workspaces/turtlebot3_ws/src/turtlebot-maze/install/stella_vslam/include/stella_vslam/optimize/transform_optimizer.h
[0.115s] -- Up-to-date: /home/ren/workspaces/turtlebot3_ws/src/turtlebot-maze/install/stella_vslam/include/stella_vslam/optimize/internal/landmark_vertex.h
[0.115s] -- Up-to-date: /home/ren/workspaces/turtlebot3_ws/src/turtlebot-maze/install/stella_vslam/include/stella_vslam/optimize/internal/landmark_vertex_container.h
[0.115s] -- Up-to-date: /home/ren/workspaces/turtlebot3_ws/src/turtlebot-maze/install/stella_vslam/include/stella_vslam/optimize/internal/marker_vertex_container.h
[0.115s] -- Up-to-date: /home/ren/workspaces/turtlebot3_ws/src/turtlebot-maze/install/stella_vslam/include/stella_vslam/optimize/internal/se3/equirectangular_pose_opt_edge.h
[0.115s] -- Up-to-date: /home/ren/workspaces/turtlebot3_ws/src/turtlebot-maze/install/stella_vslam/include/stella_vslam/optimize/internal/se3/equirectangular_reproj_edge.h
[0.116s] -- Up-to-date: /home/ren/workspaces/turtlebot3_ws/src/turtlebot-maze/install/stella_vslam/include/stella_vslam/optimize/internal/se3/perspective_pose_opt_edge.h
[0.116s] -- Up-to-date: /home/ren/workspaces/turtlebot3_ws/src/turtlebot-maze/install/stella_vslam/include/stella_vslam/optimize/internal/se3/perspective_reproj_edge.h
[0.116s] -- Up-to-date: /home/ren/workspaces/turtlebot3_ws/src/turtlebot-maze/install/stella_vslam/include/stella_vslam/optimize/internal/se3/pose_opt_edge_wrapper.h
[0.116s] -- Up-to-date: /home/ren/workspaces/turtlebot3_ws/src/turtlebot-maze/install/stella_vslam/include/stella_vslam/optimize/internal/se3/reproj_edge_wrapper.h
[0.116s] -- Up-to-date: /home/ren/workspaces/turtlebot3_ws/src/turtlebot-maze/install/stella_vslam/include/stella_vslam/optimize/internal/se3/shot_vertex.h
[0.116s] -- Up-to-date: /home/ren/workspaces/turtlebot3_ws/src/turtlebot-maze/install/stella_vslam/include/stella_vslam/optimize/internal/se3/shot_vertex_container.h
[0.116s] -- Up-to-date: /home/ren/workspaces/turtlebot3_ws/src/turtlebot-maze/install/stella_vslam/include/stella_vslam/optimize/internal/sim3/backward_reproj_edge.h
[0.116s] -- Up-to-date: /home/ren/workspaces/turtlebot3_ws/src/turtlebot-maze/install/stella_vslam/include/stella_vslam/optimize/internal/sim3/forward_reproj_edge.h
[0.116s] -- Up-to-date: /home/ren/workspaces/turtlebot3_ws/src/turtlebot-maze/install/stella_vslam/include/stella_vslam/optimize/internal/sim3/graph_opt_edge.h
[0.116s] -- Up-to-date: /home/ren/workspaces/turtlebot3_ws/src/turtlebot-maze/install/stella_vslam/include/stella_vslam/optimize/internal/sim3/mutual_reproj_edge_wrapper.h
[0.116s] -- Up-to-date: /home/ren/workspaces/turtlebot3_ws/src/turtlebot-maze/install/stella_vslam/include/stella_vslam/optimize/internal/sim3/shot_vertex.h
[0.116s] -- Up-to-date: /home/ren/workspaces/turtlebot3_ws/src/turtlebot-maze/install/stella_vslam/include/stella_vslam/optimize/internal/sim3/transform_vertex.h
[0.116s] -- Up-to-date: /home/ren/workspaces/turtlebot3_ws/src/turtlebot-maze/install/stella_vslam/include/stella_vslam/optimize/internal_gtsam/projection_factor.h
[0.116s] -- Up-to-date: /home/ren/workspaces/turtlebot3_ws/src/turtlebot-maze/install/stella_vslam/include/stella_vslam/publish/frame_publisher.h
[0.116s] -- Up-to-date: /home/ren/workspaces/turtlebot3_ws/src/turtlebot-maze/install/stella_vslam/include/stella_vslam/publish/map_publisher.h
[0.116s] -- Up-to-date: /home/ren/workspaces/turtlebot3_ws/src/turtlebot-maze/install/stella_vslam/include/stella_vslam/solve/common.h
[0.117s] -- Up-to-date: /home/ren/workspaces/turtlebot3_ws/src/turtlebot-maze/install/stella_vslam/include/stella_vslam/solve/essential_5pt.h
[0.117s] -- Up-to-date: /home/ren/workspaces/turtlebot3_ws/src/turtlebot-maze/install/stella_vslam/include/stella_vslam/solve/essential_solver.h
[0.117s] -- Up-to-date: /home/ren/workspaces/turtlebot3_ws/src/turtlebot-maze/install/stella_vslam/include/stella_vslam/solve/fundamental_solver.h
[0.117s] -- Up-to-date: /home/ren/workspaces/turtlebot3_ws/src/turtlebot-maze/install/stella_vslam/include/stella_vslam/solve/homography_solver.h
[0.117s] -- Up-to-date: /home/ren/workspaces/turtlebot3_ws/src/turtlebot-maze/install/stella_vslam/include/stella_vslam/solve/pnp_solver.h
[0.117s] -- Up-to-date: /home/ren/workspaces/turtlebot3_ws/src/turtlebot-maze/install/stella_vslam/include/stella_vslam/solve/triangulator.h
[0.117s] -- Up-to-date: /home/ren/workspaces/turtlebot3_ws/src/turtlebot-maze/install/stella_vslam/include/stella_vslam/util/angle.h
[0.117s] -- Up-to-date: /home/ren/workspaces/turtlebot3_ws/src/turtlebot-maze/install/stella_vslam/include/stella_vslam/util/converter.h
[0.117s] -- Up-to-date: /home/ren/workspaces/turtlebot3_ws/src/turtlebot-maze/install/stella_vslam/include/stella_vslam/util/fancy_index.h
[0.118s] -- Up-to-date: /home/ren/workspaces/turtlebot3_ws/src/turtlebot-maze/install/stella_vslam/include/stella_vslam/util/image_converter.h
[0.118s] -- Up-to-date: /home/ren/workspaces/turtlebot3_ws/src/turtlebot-maze/install/stella_vslam/include/stella_vslam/util/random_array.h
[0.118s] -- Up-to-date: /home/ren/workspaces/turtlebot3_ws/src/turtlebot-maze/install/stella_vslam/include/stella_vslam/util/sqlite3.h
[0.118s] -- Up-to-date: /home/ren/workspaces/turtlebot3_ws/src/turtlebot-maze/install/stella_vslam/include/stella_vslam/util/stereo_rectifier.h
[0.118s] -- Up-to-date: /home/ren/workspaces/turtlebot3_ws/src/turtlebot-maze/install/stella_vslam/include/stella_vslam/util/string.h
[0.118s] -- Up-to-date: /home/ren/workspaces/turtlebot3_ws/src/turtlebot-maze/install/stella_vslam/include/stella_vslam/util/trigonometric.h
[0.118s] -- Up-to-date: /home/ren/workspaces/turtlebot3_ws/src/turtlebot-maze/install/stella_vslam/include/stella_vslam/util/yaml.h
[0.118s] Invoked command in '/home/ren/workspaces/turtlebot3_ws/src/turtlebot-maze/build/stella_vslam' returned '0': CMAKE_PREFIX_PATH=${CMAKE_PREFIX_PATH}:/opt/ros/jazzy /usr/bin/cmake --install /home/ren/workspaces/turtlebot3_ws/src/turtlebot-maze/build/stella_vslam
