-- Install configuration: ""
-- Up-to-date: /home/ren/workspaces/turtlebot3_ws/src/turtlebot-maze/install/tb_worlds/share/tb_worlds/launch
-- Installing: /home/ren/workspaces/turtlebot3_ws/src/turtlebot-maze/install/tb_worlds/share/tb_worlds/launch/tb_world.launch.py
-- Installing: /home/ren/workspaces/turtlebot3_ws/src/turtlebot-maze/install/tb_worlds/share/tb_worlds/launch/tb_demo_world.launch.py
-- Up-to-date: /home/ren/workspaces/turtlebot3_ws/src/turtlebot-maze/install/tb_worlds/share/tb_worlds/launch/turtlebot_spawner.launch.py
-- Up-to-date: /home/ren/workspaces/turtlebot3_ws/src/turtlebot-maze/install/tb_worlds/share/tb_worlds/launch/block_spawner.launch.py
-- Installing: /home/ren/workspaces/turtlebot3_ws/src/turtlebot-maze/install/tb_worlds/share/tb_worlds/launch/aruco_marker_spawner.launch.py
-- Up-to-date: /home/ren/workspaces/turtlebot3_ws/src/turtlebot-maze/install/tb_worlds/share/tb_worlds/maps
-- Up-to-date: /home/ren/workspaces/turtlebot3_ws/src/turtlebot-maze/install/tb_worlds/share/tb_worlds/maps/sim_house_locations.yaml
-- Up-to-date: /home/ren/workspaces/turtlebot3_ws/src/turtlebot-maze/install/tb_worlds/share/tb_worlds/maps/sim_house_map.yaml
-- Up-to-date: /home/ren/workspaces/turtlebot3_ws/src/turtlebot-maze/install/tb_worlds/share/tb_worlds/maps/sim_house_map.pgm
-- Up-to-date: /home/ren/workspaces/turtlebot3_ws/src/turtlebot-maze/install/tb_worlds/share/tb_worlds/models
-- Up-to-date: /home/ren/workspaces/turtlebot3_ws/src/turtlebot-maze/install/tb_worlds/share/tb_worlds/models/blue_block
-- Up-to-date: /home/ren/workspaces/turtlebot3_ws/src/turtlebot-maze/install/tb_worlds/share/tb_worlds/models/blue_block/model.sdf
-- Up-to-date: /home/ren/workspaces/turtlebot3_ws/src/turtlebot-maze/install/tb_worlds/share/tb_worlds/models/blue_block/model.config
-- Up-to-date: /home/ren/workspaces/turtlebot3_ws/src/turtlebot-maze/install/tb_worlds/share/tb_worlds/models/red_block
-- Up-to-date: /home/ren/workspaces/turtlebot3_ws/src/turtlebot-maze/install/tb_worlds/share/tb_worlds/models/red_block/model.sdf
-- Up-to-date: /home/ren/workspaces/turtlebot3_ws/src/turtlebot-maze/install/tb_worlds/share/tb_worlds/models/red_block/model.config
-- Up-to-date: /home/ren/workspaces/turtlebot3_ws/src/turtlebot-maze/install/tb_worlds/share/tb_worlds/models/green_block
-- Up-to-date: /home/ren/workspaces/turtlebot3_ws/src/turtlebot-maze/install/tb_worlds/share/tb_worlds/models/green_block/model.sdf
-- Up-to-date: /home/ren/workspaces/turtlebot3_ws/src/turtlebot-maze/install/tb_worlds/share/tb_worlds/models/green_block/model.config
-- Installing: /home/ren/workspaces/turtlebot3_ws/src/turtlebot-maze/install/tb_worlds/share/tb_worlds/models/aruco_id_80
-- Installing: /home/ren/workspaces/turtlebot3_ws/src/turtlebot-maze/install/tb_worlds/share/tb_worlds/models/aruco_id_80/materials
-- Installing: /home/ren/workspaces/turtlebot3_ws/src/turtlebot-maze/install/tb_worlds/share/tb_worlds/models/aruco_id_80/materials/textures
-- Installing: /home/ren/workspaces/turtlebot3_ws/src/turtlebot-maze/install/tb_worlds/share/tb_worlds/models/aruco_id_80/materials/textures/80.jpg
-- Installing: /home/ren/workspaces/turtlebot3_ws/src/turtlebot-maze/install/tb_worlds/share/tb_worlds/models/aruco_id_80/materials/textures/80.png
-- Installing: /home/ren/workspaces/turtlebot3_ws/src/turtlebot-maze/install/tb_worlds/share/tb_worlds/models/aruco_id_80/meshes
-- Installing: /home/ren/workspaces/turtlebot3_ws/src/turtlebot-maze/install/tb_worlds/share/tb_worlds/models/aruco_id_80/meshes/aruco_cube_80.obj
-- Installing: /home/ren/workspaces/turtlebot3_ws/src/turtlebot-maze/install/tb_worlds/share/tb_worlds/models/aruco_id_80/meshes/aruco_cube_80.mtl
-- Installing: /home/ren/workspaces/turtlebot3_ws/src/turtlebot-maze/install/tb_worlds/share/tb_worlds/models/aruco_id_80/model.sdf
-- Installing: /home/ren/workspaces/turtlebot3_ws/src/turtlebot-maze/install/tb_worlds/share/tb_worlds/models/aruco_id_80/model.config
-- Installing: /home/ren/workspaces/turtlebot3_ws/src/turtlebot-maze/install/tb_worlds/share/tb_worlds/models/aruco_id_80/thumbnails
-- Installing: /home/ren/workspaces/turtlebot3_ws/src/turtlebot-maze/install/tb_worlds/share/tb_worlds/models/aruco_id_80/thumbnails/1.png
-- Up-to-date: /home/ren/workspaces/turtlebot3_ws/src/turtlebot-maze/install/tb_worlds/share/tb_worlds/models/table
-- Up-to-date: /home/ren/workspaces/turtlebot3_ws/src/turtlebot-maze/install/tb_worlds/share/tb_worlds/models/table/model-1_2.sdf
-- Up-to-date: /home/ren/workspaces/turtlebot3_ws/src/turtlebot-maze/install/tb_worlds/share/tb_worlds/models/table/model.sdf
-- Up-to-date: /home/ren/workspaces/turtlebot3_ws/src/turtlebot-maze/install/tb_worlds/share/tb_worlds/models/table/model.config
-- Up-to-date: /home/ren/workspaces/turtlebot3_ws/src/turtlebot-maze/install/tb_worlds/share/tb_worlds/models/table/model-1_3.sdf
-- Up-to-date: /home/ren/workspaces/turtlebot3_ws/src/turtlebot-maze/install/tb_worlds/share/tb_worlds/models/table/model-1_4.sdf
-- Installing: /home/ren/workspaces/turtlebot3_ws/src/turtlebot-maze/install/tb_worlds/share/tb_worlds/models/aruco_id_60
-- Installing: /home/ren/workspaces/turtlebot3_ws/src/turtlebot-maze/install/tb_worlds/share/tb_worlds/models/aruco_id_60/materials
-- Installing: /home/ren/workspaces/turtlebot3_ws/src/turtlebot-maze/install/tb_worlds/share/tb_worlds/models/aruco_id_60/materials/textures
-- Installing: /home/ren/workspaces/turtlebot3_ws/src/turtlebot-maze/install/tb_worlds/share/tb_worlds/models/aruco_id_60/materials/textures/60.png
-- Installing: /home/ren/workspaces/turtlebot3_ws/src/turtlebot-maze/install/tb_worlds/share/tb_worlds/models/aruco_id_60/materials/textures/60.jpg
-- Installing: /home/ren/workspaces/turtlebot3_ws/src/turtlebot-maze/install/tb_worlds/share/tb_worlds/models/aruco_id_60/meshes
-- Installing: /home/ren/workspaces/turtlebot3_ws/src/turtlebot-maze/install/tb_worlds/share/tb_worlds/models/aruco_id_60/meshes/aruco_cube_60.mtl
-- Installing: /home/ren/workspaces/turtlebot3_ws/src/turtlebot-maze/install/tb_worlds/share/tb_worlds/models/aruco_id_60/meshes/aruco_cube_60.obj
-- Installing: /home/ren/workspaces/turtlebot3_ws/src/turtlebot-maze/install/tb_worlds/share/tb_worlds/models/aruco_id_60/model.sdf
-- Installing: /home/ren/workspaces/turtlebot3_ws/src/turtlebot-maze/install/tb_worlds/share/tb_worlds/models/aruco_id_60/model.config
-- Installing: /home/ren/workspaces/turtlebot3_ws/src/turtlebot-maze/install/tb_worlds/share/tb_worlds/models/aruco_id_60/thumbnails
-- Installing: /home/ren/workspaces/turtlebot3_ws/src/turtlebot-maze/install/tb_worlds/share/tb_worlds/models/aruco_id_60/thumbnails/1.png
-- Up-to-date: /home/ren/workspaces/turtlebot3_ws/src/turtlebot-maze/install/tb_worlds/share/tb_worlds/models/sim_house
-- Up-to-date: /home/ren/workspaces/turtlebot3_ws/src/turtlebot-maze/install/tb_worlds/share/tb_worlds/models/sim_house/model.sdf
-- Up-to-date: /home/ren/workspaces/turtlebot3_ws/src/turtlebot-maze/install/tb_worlds/share/tb_worlds/models/sim_house/model.config
-- Up-to-date: /home/ren/workspaces/turtlebot3_ws/src/turtlebot-maze/install/tb_worlds/share/tb_worlds/worlds
-- Installing: /home/ren/workspaces/turtlebot3_ws/src/turtlebot-maze/install/tb_worlds/share/tb_worlds/worlds/sim_house_enhanced.sdf.xacro
-- Up-to-date: /home/ren/workspaces/turtlebot3_ws/src/turtlebot-maze/install/tb_worlds/share/tb_worlds/worlds/sim_house.sdf.xacro
-- Installing: /home/ren/workspaces/turtlebot3_ws/src/turtlebot-maze/install/tb_worlds/share/tb_worlds/worlds/textures
-- Installing: /home/ren/workspaces/turtlebot3_ws/src/turtlebot-maze/install/tb_worlds/share/tb_worlds/worlds/textures/concrete.png
-- Installing: /home/ren/workspaces/turtlebot3_ws/src/turtlebot-maze/install/tb_worlds/share/tb_worlds/worlds/textures/wood_.png
-- Installing: /home/ren/workspaces/turtlebot3_ws/src/turtlebot-maze/install/tb_worlds/share/tb_worlds/worlds/textures/bricks.png
-- Up-to-date: /home/ren/workspaces/turtlebot3_ws/src/turtlebot-maze/install/tb_worlds/share/tb_worlds/urdf
-- Installing: /home/ren/workspaces/turtlebot3_ws/src/turtlebot-maze/install/tb_worlds/share/tb_worlds/urdf/gz_waffle.sdf.xacro
-- Up-to-date: /home/ren/workspaces/turtlebot3_ws/src/turtlebot-maze/install/tb_worlds/share/tb_worlds/configs
-- Up-to-date: /home/ren/workspaces/turtlebot3_ws/src/turtlebot-maze/install/tb_worlds/share/tb_worlds/configs/turtlebot4_bridge.yaml
-- Installing: /home/ren/workspaces/turtlebot3_ws/src/turtlebot-maze/install/tb_worlds/share/tb_worlds/configs/turtlebot3_bridge.yaml
-- Up-to-date: /home/ren/workspaces/turtlebot3_ws/src/turtlebot-maze/install/tb_worlds/share/tb_worlds/configs/nav2_params.yaml
-- Up-to-date: /home/ren/workspaces/turtlebot3_ws/src/turtlebot-maze/install/tb_worlds/share/ament_index/resource_index/package_run_dependencies/tb_worlds
-- Up-to-date: /home/ren/workspaces/turtlebot3_ws/src/turtlebot-maze/install/tb_worlds/share/ament_index/resource_index/parent_prefix_path/tb_worlds
-- Up-to-date: /home/ren/workspaces/turtlebot3_ws/src/turtlebot-maze/install/tb_worlds/share/tb_worlds/environment/ament_prefix_path.sh
-- Up-to-date: /home/ren/workspaces/turtlebot3_ws/src/turtlebot-maze/install/tb_worlds/share/tb_worlds/environment/ament_prefix_path.dsv
-- Up-to-date: /home/ren/workspaces/turtlebot3_ws/src/turtlebot-maze/install/tb_worlds/share/tb_worlds/environment/path.sh
-- Up-to-date: /home/ren/workspaces/turtlebot3_ws/src/turtlebot-maze/install/tb_worlds/share/tb_worlds/environment/path.dsv
-- Up-to-date: /home/ren/workspaces/turtlebot3_ws/src/turtlebot-maze/install/tb_worlds/share/tb_worlds/local_setup.bash
-- Up-to-date: /home/ren/workspaces/turtlebot3_ws/src/turtlebot-maze/install/tb_worlds/share/tb_worlds/local_setup.sh
-- Up-to-date: /home/ren/workspaces/turtlebot3_ws/src/turtlebot-maze/install/tb_worlds/share/tb_worlds/local_setup.zsh
-- Up-to-date: /home/ren/workspaces/turtlebot3_ws/src/turtlebot-maze/install/tb_worlds/share/tb_worlds/local_setup.dsv
-- Installing: /home/ren/workspaces/turtlebot3_ws/src/turtlebot-maze/install/tb_worlds/share/tb_worlds/package.dsv
-- Up-to-date: /home/ren/workspaces/turtlebot3_ws/src/turtlebot-maze/install/tb_worlds/share/ament_index/resource_index/packages/tb_worlds
-- Up-to-date: /home/ren/workspaces/turtlebot3_ws/src/turtlebot-maze/install/tb_worlds/share/tb_worlds/cmake/tb_worldsConfig.cmake
-- Up-to-date: /home/ren/workspaces/turtlebot3_ws/src/turtlebot-maze/install/tb_worlds/share/tb_worlds/cmake/tb_worldsConfig-version.cmake
-- Up-to-date: /home/ren/workspaces/turtlebot3_ws/src/turtlebot-maze/install/tb_worlds/share/tb_worlds/package.xml
