[0.014s] Invoking command in '/home/ren/workspaces/turtlebot3_ws/src/turtlebot-maze/build/tb_worlds': CMAKE_PREFIX_PATH=${CMAKE_PREFIX_PATH}:/opt/ros/jazzy /usr/bin/cmake --build /home/ren/workspaces/turtlebot3_ws/src/turtlebot-maze/build/tb_worlds -- -j8 -l8
[0.079s] Invoked command in '/home/ren/workspaces/turtlebot3_ws/src/turtlebot-maze/build/tb_worlds' returned '0': CMAKE_PREFIX_PATH=${CMAKE_PREFIX_PATH}:/opt/ros/jazzy /usr/bin/cmake --build /home/ren/workspaces/turtlebot3_ws/src/turtlebot-maze/build/tb_worlds -- -j8 -l8
[0.087s] Invoking command in '/home/ren/workspaces/turtlebot3_ws/src/turtlebot-maze/build/tb_worlds': CMAKE_PREFIX_PATH=${CMAKE_PREFIX_PATH}:/opt/ros/jazzy /usr/bin/cmake --install /home/ren/workspaces/turtlebot3_ws/src/turtlebot-maze/build/tb_worlds
[0.093s] -- Install configuration: ""
[0.093s] -- Up-to-date: /home/ren/workspaces/turtlebot3_ws/src/turtlebot-maze/install/tb_worlds/share/tb_worlds/launch
[0.094s] -- Installing: /home/ren/workspaces/turtlebot3_ws/src/turtlebot-maze/install/tb_worlds/share/tb_worlds/launch/tb_world.launch.py
[0.094s] -- Installing: /home/ren/workspaces/turtlebot3_ws/src/turtlebot-maze/install/tb_worlds/share/tb_worlds/launch/tb_demo_world.launch.py
[0.094s] -- Up-to-date: /home/ren/workspaces/turtlebot3_ws/src/turtlebot-maze/install/tb_worlds/share/tb_worlds/launch/turtlebot_spawner.launch.py
[0.095s] -- Up-to-date: /home/ren/workspaces/turtlebot3_ws/src/turtlebot-maze/install/tb_worlds/share/tb_worlds/launch/block_spawner.launch.py
[0.095s] -- Installing: /home/ren/workspaces/turtlebot3_ws/src/turtlebot-maze/install/tb_worlds/share/tb_worlds/launch/aruco_marker_spawner.launch.py
[0.095s] -- Up-to-date: /home/ren/workspaces/turtlebot3_ws/src/turtlebot-maze/install/tb_worlds/share/tb_worlds/maps
[0.095s] -- Up-to-date: /home/ren/workspaces/turtlebot3_ws/src/turtlebot-maze/install/tb_worlds/share/tb_worlds/maps/sim_house_locations.yaml
[0.095s] -- Up-to-date: /home/ren/workspaces/turtlebot3_ws/src/turtlebot-maze/install/tb_worlds/share/tb_worlds/maps/sim_house_map.yaml
[0.095s] -- Up-to-date: /home/ren/workspaces/turtlebot3_ws/src/turtlebot-maze/install/tb_worlds/share/tb_worlds/maps/sim_house_map.pgm
[0.095s] -- Up-to-date: /home/ren/workspaces/turtlebot3_ws/src/turtlebot-maze/install/tb_worlds/share/tb_worlds/models
[0.095s] -- Up-to-date: /home/ren/workspaces/turtlebot3_ws/src/turtlebot-maze/install/tb_worlds/share/tb_worlds/models/blue_block
[0.095s] -- Up-to-date: /home/ren/workspaces/turtlebot3_ws/src/turtlebot-maze/install/tb_worlds/share/tb_worlds/models/blue_block/model.sdf
[0.095s] -- Up-to-date: /home/ren/workspaces/turtlebot3_ws/src/turtlebot-maze/install/tb_worlds/share/tb_worlds/models/blue_block/model.config
[0.096s] -- Up-to-date: /home/ren/workspaces/turtlebot3_ws/src/turtlebot-maze/install/tb_worlds/share/tb_worlds/models/red_block
[0.096s] -- Up-to-date: /home/ren/workspaces/turtlebot3_ws/src/turtlebot-maze/install/tb_worlds/share/tb_worlds/models/red_block/model.sdf
[0.096s] -- Up-to-date: /home/ren/workspaces/turtlebot3_ws/src/turtlebot-maze/install/tb_worlds/share/tb_worlds/models/red_block/model.config
[0.096s] -- Up-to-date: /home/ren/workspaces/turtlebot3_ws/src/turtlebot-maze/install/tb_worlds/share/tb_worlds/models/green_block
[0.096s] -- Up-to-date: /home/ren/workspaces/turtlebot3_ws/src/turtlebot-maze/install/tb_worlds/share/tb_worlds/models/green_block/model.sdf
[0.096s] -- Up-to-date: /home/ren/workspaces/turtlebot3_ws/src/turtlebot-maze/install/tb_worlds/share/tb_worlds/models/green_block/model.config
[0.096s] -- Installing: /home/ren/workspaces/turtlebot3_ws/src/turtlebot-maze/install/tb_worlds/share/tb_worlds/models/aruco_id_80
[0.096s] -- Installing: /home/ren/workspaces/turtlebot3_ws/src/turtlebot-maze/install/tb_worlds/share/tb_worlds/models/aruco_id_80/materials
[0.096s] -- Installing: /home/ren/workspaces/turtlebot3_ws/src/turtlebot-maze/install/tb_worlds/share/tb_worlds/models/aruco_id_80/materials/textures
[0.096s] -- Installing: /home/ren/workspaces/turtlebot3_ws/src/turtlebot-maze/install/tb_worlds/share/tb_worlds/models/aruco_id_80/materials/textures/80.jpg
[0.096s] -- Installing: /home/ren/workspaces/turtlebot3_ws/src/turtlebot-maze/install/tb_worlds/share/tb_worlds/models/aruco_id_80/materials/textures/80.png
[0.096s] -- Installing: /home/ren/workspaces/turtlebot3_ws/src/turtlebot-maze/install/tb_worlds/share/tb_worlds/models/aruco_id_80/meshes
[0.097s] -- Installing: /home/ren/workspaces/turtlebot3_ws/src/turtlebot-maze/install/tb_worlds/share/tb_worlds/models/aruco_id_80/meshes/aruco_cube_80.obj
[0.097s] -- Installing: /home/ren/workspaces/turtlebot3_ws/src/turtlebot-maze/install/tb_worlds/share/tb_worlds/models/aruco_id_80/meshes/aruco_cube_80.mtl
[0.097s] -- Installing: /home/ren/workspaces/turtlebot3_ws/src/turtlebot-maze/install/tb_worlds/share/tb_worlds/models/aruco_id_80/model.sdf
[0.097s] -- Installing: /home/ren/workspaces/turtlebot3_ws/src/turtlebot-maze/install/tb_worlds/share/tb_worlds/models/aruco_id_80/model.config
[0.097s] -- Installing: /home/ren/workspaces/turtlebot3_ws/src/turtlebot-maze/install/tb_worlds/share/tb_worlds/models/aruco_id_80/thumbnails
[0.097s] -- Installing: /home/ren/workspaces/turtlebot3_ws/src/turtlebot-maze/install/tb_worlds/share/tb_worlds/models/aruco_id_80/thumbnails/1.png
[0.097s] -- Up-to-date: /home/ren/workspaces/turtlebot3_ws/src/turtlebot-maze/install/tb_worlds/share/tb_worlds/models/table
[0.097s] -- Up-to-date: /home/ren/workspaces/turtlebot3_ws/src/turtlebot-maze/install/tb_worlds/share/tb_worlds/models/table/model-1_2.sdf
[0.097s] -- Up-to-date: /home/ren/workspaces/turtlebot3_ws/src/turtlebot-maze/install/tb_worlds/share/tb_worlds/models/table/model.sdf
[0.097s] -- Up-to-date: /home/ren/workspaces/turtlebot3_ws/src/turtlebot-maze/install/tb_worlds/share/tb_worlds/models/table/model.config
[0.097s] -- Up-to-date: /home/ren/workspaces/turtlebot3_ws/src/turtlebot-maze/install/tb_worlds/share/tb_worlds/models/table/model-1_3.sdf
[0.097s] -- Up-to-date: /home/ren/workspaces/turtlebot3_ws/src/turtlebot-maze/install/tb_worlds/share/tb_worlds/models/table/model-1_4.sdf
[0.098s] -- Installing: /home/ren/workspaces/turtlebot3_ws/src/turtlebot-maze/install/tb_worlds/share/tb_worlds/models/aruco_id_60
[0.098s] -- Installing: /home/ren/workspaces/turtlebot3_ws/src/turtlebot-maze/install/tb_worlds/share/tb_worlds/models/aruco_id_60/materials
[0.098s] -- Installing: /home/ren/workspaces/turtlebot3_ws/src/turtlebot-maze/install/tb_worlds/share/tb_worlds/models/aruco_id_60/materials/textures
[0.098s] -- Installing: /home/ren/workspaces/turtlebot3_ws/src/turtlebot-maze/install/tb_worlds/share/tb_worlds/models/aruco_id_60/materials/textures/60.png
[0.098s] -- Installing: /home/ren/workspaces/turtlebot3_ws/src/turtlebot-maze/install/tb_worlds/share/tb_worlds/models/aruco_id_60/materials/textures/60.jpg
[0.098s] -- Installing: /home/ren/workspaces/turtlebot3_ws/src/turtlebot-maze/install/tb_worlds/share/tb_worlds/models/aruco_id_60/meshes
[0.098s] -- Installing: /home/ren/workspaces/turtlebot3_ws/src/turtlebot-maze/install/tb_worlds/share/tb_worlds/models/aruco_id_60/meshes/aruco_cube_60.mtl
[0.098s] -- Installing: /home/ren/workspaces/turtlebot3_ws/src/turtlebot-maze/install/tb_worlds/share/tb_worlds/models/aruco_id_60/meshes/aruco_cube_60.obj
[0.098s] -- Installing: /home/ren/workspaces/turtlebot3_ws/src/turtlebot-maze/install/tb_worlds/share/tb_worlds/models/aruco_id_60/model.sdf
[0.098s] -- Installing: /home/ren/workspaces/turtlebot3_ws/src/turtlebot-maze/install/tb_worlds/share/tb_worlds/models/aruco_id_60/model.config
[0.098s] -- Installing: /home/ren/workspaces/turtlebot3_ws/src/turtlebot-maze/install/tb_worlds/share/tb_worlds/models/aruco_id_60/thumbnails
[0.098s] -- Installing: /home/ren/workspaces/turtlebot3_ws/src/turtlebot-maze/install/tb_worlds/share/tb_worlds/models/aruco_id_60/thumbnails/1.png
[0.098s] -- Up-to-date: /home/ren/workspaces/turtlebot3_ws/src/turtlebot-maze/install/tb_worlds/share/tb_worlds/models/sim_house
[0.098s] -- Up-to-date: /home/ren/workspaces/turtlebot3_ws/src/turtlebot-maze/install/tb_worlds/share/tb_worlds/models/sim_house/model.sdf
[0.098s] -- Up-to-date: /home/ren/workspaces/turtlebot3_ws/src/turtlebot-maze/install/tb_worlds/share/tb_worlds/models/sim_house/model.config
[0.099s] -- Up-to-date: /home/ren/workspaces/turtlebot3_ws/src/turtlebot-maze/install/tb_worlds/share/tb_worlds/worlds
[0.099s] -- Installing: /home/ren/workspaces/turtlebot3_ws/src/turtlebot-maze/install/tb_worlds/share/tb_worlds/worlds/sim_house_enhanced.sdf.xacro
[0.099s] -- Up-to-date: /home/ren/workspaces/turtlebot3_ws/src/turtlebot-maze/install/tb_worlds/share/tb_worlds/worlds/sim_house.sdf.xacro
[0.099s] -- Installing: /home/ren/workspaces/turtlebot3_ws/src/turtlebot-maze/install/tb_worlds/share/tb_worlds/worlds/textures
[0.099s] -- Installing: /home/ren/workspaces/turtlebot3_ws/src/turtlebot-maze/install/tb_worlds/share/tb_worlds/worlds/textures/concrete.png
[0.099s] -- Installing: /home/ren/workspaces/turtlebot3_ws/src/turtlebot-maze/install/tb_worlds/share/tb_worlds/worlds/textures/wood_.png
[0.100s] -- Installing: /home/ren/workspaces/turtlebot3_ws/src/turtlebot-maze/install/tb_worlds/share/tb_worlds/worlds/textures/bricks.png
[0.101s] -- Up-to-date: /home/ren/workspaces/turtlebot3_ws/src/turtlebot-maze/install/tb_worlds/share/tb_worlds/urdf
[0.101s] -- Installing: /home/ren/workspaces/turtlebot3_ws/src/turtlebot-maze/install/tb_worlds/share/tb_worlds/urdf/gz_waffle.sdf.xacro
[0.102s] -- Up-to-date: /home/ren/workspaces/turtlebot3_ws/src/turtlebot-maze/install/tb_worlds/share/tb_worlds/configs
[0.102s] -- Up-to-date: /home/ren/workspaces/turtlebot3_ws/src/turtlebot-maze/install/tb_worlds/share/tb_worlds/configs/turtlebot4_bridge.yaml
[0.102s] -- Installing: /home/ren/workspaces/turtlebot3_ws/src/turtlebot-maze/install/tb_worlds/share/tb_worlds/configs/turtlebot3_bridge.yaml
[0.102s] -- Up-to-date: /home/ren/workspaces/turtlebot3_ws/src/turtlebot-maze/install/tb_worlds/share/tb_worlds/configs/nav2_params.yaml
[0.102s] -- Up-to-date: /home/ren/workspaces/turtlebot3_ws/src/turtlebot-maze/install/tb_worlds/share/ament_index/resource_index/package_run_dependencies/tb_worlds
[0.102s] -- Up-to-date: /home/ren/workspaces/turtlebot3_ws/src/turtlebot-maze/install/tb_worlds/share/ament_index/resource_index/parent_prefix_path/tb_worlds
[0.102s] -- Up-to-date: /home/ren/workspaces/turtlebot3_ws/src/turtlebot-maze/install/tb_worlds/share/tb_worlds/environment/ament_prefix_path.sh
[0.102s] -- Up-to-date: /home/ren/workspaces/turtlebot3_ws/src/turtlebot-maze/install/tb_worlds/share/tb_worlds/environment/ament_prefix_path.dsv
[0.102s] -- Up-to-date: /home/ren/workspaces/turtlebot3_ws/src/turtlebot-maze/install/tb_worlds/share/tb_worlds/environment/path.sh
[0.102s] -- Up-to-date: /home/ren/workspaces/turtlebot3_ws/src/turtlebot-maze/install/tb_worlds/share/tb_worlds/environment/path.dsv
[0.102s] -- Up-to-date: /home/ren/workspaces/turtlebot3_ws/src/turtlebot-maze/install/tb_worlds/share/tb_worlds/local_setup.bash
[0.102s] -- Up-to-date: /home/ren/workspaces/turtlebot3_ws/src/turtlebot-maze/install/tb_worlds/share/tb_worlds/local_setup.sh
[0.102s] -- Up-to-date: /home/ren/workspaces/turtlebot3_ws/src/turtlebot-maze/install/tb_worlds/share/tb_worlds/local_setup.zsh
[0.102s] -- Up-to-date: /home/ren/workspaces/turtlebot3_ws/src/turtlebot-maze/install/tb_worlds/share/tb_worlds/local_setup.dsv
[0.103s] -- Installing: /home/ren/workspaces/turtlebot3_ws/src/turtlebot-maze/install/tb_worlds/share/tb_worlds/package.dsv
[0.103s] -- Up-to-date: /home/ren/workspaces/turtlebot3_ws/src/turtlebot-maze/install/tb_worlds/share/ament_index/resource_index/packages/tb_worlds
[0.103s] -- Up-to-date: /home/ren/workspaces/turtlebot3_ws/src/turtlebot-maze/install/tb_worlds/share/tb_worlds/cmake/tb_worldsConfig.cmake
[0.103s] -- Up-to-date: /home/ren/workspaces/turtlebot3_ws/src/turtlebot-maze/install/tb_worlds/share/tb_worlds/cmake/tb_worldsConfig-version.cmake
[0.104s] -- Up-to-date: /home/ren/workspaces/turtlebot3_ws/src/turtlebot-maze/install/tb_worlds/share/tb_worlds/package.xml
[0.104s] Invoked command in '/home/ren/workspaces/turtlebot3_ws/src/turtlebot-maze/build/tb_worlds' returned '0': CMAKE_PREFIX_PATH=${CMAKE_PREFIX_PATH}:/opt/ros/jazzy /usr/bin/cmake --install /home/ren/workspaces/turtlebot3_ws/src/turtlebot-maze/build/tb_worlds
