-- The C compiler identification is GNU 13.3.0
-- The CXX compiler identification is GNU 13.3.0
-- Detecting C compiler ABI info
-- Detecting C compiler ABI info - done
-- Check for working C compiler: /usr/bin/cc - skipped
-- Detecting C compile features
-- Detecting C compile features - done
-- Detecting CXX compiler ABI info
-- Detecting CXX compiler ABI info - done
-- Check for working CXX compiler: /usr/bin/c++ - skipped
-- Detecting CXX compile features
-- Detecting CXX compile features - done
-- Found ament_cmake: 2.5.5 (/opt/ros/jazzy/share/ament_cmake/cmake)
-- Found Python3: /usr/bin/python3 (found version "3.12.3") found components: Interpreter 
-- Found ament_index_cpp: 1.8.2 (/opt/ros/jazzy/share/ament_index_cpp/cmake)
-- Found rclpy: 7.1.9 (/opt/ros/jazzy/share/rclpy/cmake)
-- Found rclcpp: 28.1.16 (/opt/ros/jazzy/share/rclcpp/cmake)
-- Found rosidl_generator_c: 4.6.7 (/opt/ros/jazzy/share/rosidl_generator_c/cmake)
-- Found rosidl_generator_cpp: 4.6.7 (/opt/ros/jazzy/share/rosidl_generator_cpp/cmake)
-- Using all available rosidl_typesupport_c: rosidl_typesupport_fastrtps_c;rosidl_typesupport_introspection_c
-- Using all available rosidl_typesupport_cpp: rosidl_typesupport_fastrtps_cpp;rosidl_typesupport_introspection_cpp
-- Found rmw_implementation_cmake: 7.3.3 (/opt/ros/jazzy/share/rmw_implementation_cmake/cmake)
-- Found rmw_fastrtps_cpp: 8.4.3 (/opt/ros/jazzy/share/rmw_fastrtps_cpp/cmake)
-- Found OpenSSL: /usr/lib/x86_64-linux-gnu/libcrypto.so (found version "3.0.13")  
-- Found FastRTPS: /opt/ros/jazzy/include (Required is at least version "2.13") 
-- Using RMW implementation 'rmw_fastrtps_cpp' as default
-- Found rclcpp_action: 28.1.16 (/opt/ros/jazzy/share/rclcpp_action/cmake)
-- Found nav2_msgs: 1.3.10 (/opt/ros/jazzy/share/nav2_msgs/cmake)
-- Found sensor_msgs: 5.3.6 (/opt/ros/jazzy/share/sensor_msgs/cmake)
-- Found behaviortree_cpp: 4.8.3 (/opt/ros/jazzy/share/behaviortree_cpp/cmake)
-- Found cv_bridge: 4.1.0 (/opt/ros/jazzy/share/cv_bridge/cmake)
-- Found OpenCV: /usr (found version "4.6.0") 
-- Found image_transport: 5.1.7 (/opt/ros/jazzy/share/image_transport/cmake)
-- Found tf2: 0.36.19 (/opt/ros/jazzy/share/tf2/cmake)
-- Found tf2_ros: 0.36.19 (/opt/ros/jazzy/share/tf2_ros/cmake)
-- Found tf2_geometry_msgs: 0.36.19 (/opt/ros/jazzy/share/tf2_geometry_msgs/cmake)
-- Found eigen3_cmake_module: 0.3.0 (/opt/ros/jazzy/share/eigen3_cmake_module/cmake)
-- Found Eigen3: TRUE (found version "3.4.0") 
-- Ensuring Eigen3 include directory is part of orocos-kdl CMake target
-- Configuring done (2.9s)
-- Generating done (0.0s)
-- Build files have been written to: /home/ren/workspaces/turtlebot3_ws/src/turtlebot-maze/build/tb_autonomy
[  0%] Built target ament_cmake_python_copy_tb_behaviors
[ 25%] [32mBuilding CXX object CMakeFiles/autonomy_node_cpp.dir/src/autonomy_node.cpp.o[0m
[ 50%] [32mBuilding CXX object CMakeFiles/autonomy_node_cpp.dir/src/vision_behaviors.cpp.o[0m
[ 75%] [32mBuilding CXX object CMakeFiles/autonomy_node_cpp.dir/src/navigation_behaviors.cpp.o[0m
[100%] [32m[1mLinking CXX executable autonomy_node_cpp[0m
[100%] Built target autonomy_node_cpp
running egg_info
creating tb_behaviors.egg-info
writing tb_behaviors.egg-info/PKG-INFO
writing dependency_links to tb_behaviors.egg-info/dependency_links.txt
writing top-level names to tb_behaviors.egg-info/top_level.txt
writing manifest file 'tb_behaviors.egg-info/SOURCES.txt'
reading manifest file 'tb_behaviors.egg-info/SOURCES.txt'
writing manifest file 'tb_behaviors.egg-info/SOURCES.txt'
[100%] Built target ament_cmake_python_build_tb_behaviors_egg
-- Install configuration: ""
-- Installing: /home/ren/workspaces/turtlebot3_ws/src/turtlebot-maze/install/tb_autonomy/share/tb_autonomy/bt_xml
-- Installing: /home/ren/workspaces/turtlebot3_ws/src/turtlebot-maze/install/tb_autonomy/share/tb_autonomy/bt_xml/tree_queue.xml
-- Installing: /home/ren/workspaces/turtlebot3_ws/src/turtlebot-maze/install/tb_autonomy/share/tb_autonomy/bt_xml/nav_tree_naive.xml
-- Installing: /home/ren/workspaces/turtlebot3_ws/src/turtlebot-maze/install/tb_autonomy/share/tb_autonomy/bt_xml/tree_naive.xml
-- Installing: /home/ren/workspaces/turtlebot3_ws/src/turtlebot-maze/install/tb_autonomy/share/tb_autonomy/bt_xml/nav_tree_queue.xml
-- Installing: /home/ren/workspaces/turtlebot3_ws/src/turtlebot-maze/install/tb_autonomy/share/tb_autonomy/launch
-- Installing: /home/ren/workspaces/turtlebot3_ws/src/turtlebot-maze/install/tb_autonomy/share/tb_autonomy/launch/tb_demo_behavior_py.launch.py
-- Installing: /home/ren/workspaces/turtlebot3_ws/src/turtlebot-maze/install/tb_autonomy/share/tb_autonomy/launch/tb_demo_behavior_cpp.launch.py
-- Installing: /home/ren/workspaces/turtlebot3_ws/src/turtlebot-maze/install/tb_autonomy/share/tb_autonomy/environment/pythonpath.sh
-- Installing: /home/ren/workspaces/turtlebot3_ws/src/turtlebot-maze/install/tb_autonomy/share/tb_autonomy/environment/pythonpath.dsv
-- Installing: /home/ren/workspaces/turtlebot3_ws/src/turtlebot-maze/install/tb_autonomy/lib/python3.12/site-packages/tb_behaviors-0.0.0-py3.12.egg-info
-- Installing: /home/ren/workspaces/turtlebot3_ws/src/turtlebot-maze/install/tb_autonomy/lib/python3.12/site-packages/tb_behaviors-0.0.0-py3.12.egg-info/PKG-INFO
-- Installing: /home/ren/workspaces/turtlebot3_ws/src/turtlebot-maze/install/tb_autonomy/lib/python3.12/site-packages/tb_behaviors-0.0.0-py3.12.egg-info/dependency_links.txt
-- Installing: /home/ren/workspaces/turtlebot3_ws/src/turtlebot-maze/install/tb_autonomy/lib/python3.12/site-packages/tb_behaviors-0.0.0-py3.12.egg-info/top_level.txt
-- Installing: /home/ren/workspaces/turtlebot3_ws/src/turtlebot-maze/install/tb_autonomy/lib/python3.12/site-packages/tb_behaviors-0.0.0-py3.12.egg-info/SOURCES.txt
-- Installing: /home/ren/workspaces/turtlebot3_ws/src/turtlebot-maze/install/tb_autonomy/lib/python3.12/site-packages/tb_behaviors
-- Installing: /home/ren/workspaces/turtlebot3_ws/src/turtlebot-maze/install/tb_autonomy/lib/python3.12/site-packages/tb_behaviors/vision.py
-- Installing: /home/ren/workspaces/turtlebot3_ws/src/turtlebot-maze/install/tb_autonomy/lib/python3.12/site-packages/tb_behaviors/navigation.py
-- Installing: /home/ren/workspaces/turtlebot3_ws/src/turtlebot-maze/install/tb_autonomy/lib/python3.12/site-packages/tb_behaviors/__init__.py
Listing '/home/ren/workspaces/turtlebot3_ws/src/turtlebot-maze/install/tb_autonomy/lib/python3.12/site-packages/tb_behaviors'...
Compiling '/home/ren/workspaces/turtlebot3_ws/src/turtlebot-maze/install/tb_autonomy/lib/python3.12/site-packages/tb_behaviors/__init__.py'...
Compiling '/home/ren/workspaces/turtlebot3_ws/src/turtlebot-maze/install/tb_autonomy/lib/python3.12/site-packages/tb_behaviors/navigation.py'...
Compiling '/home/ren/workspaces/turtlebot3_ws/src/turtlebot-maze/install/tb_autonomy/lib/python3.12/site-packages/tb_behaviors/vision.py'...
-- Installing: /home/ren/workspaces/turtlebot3_ws/src/turtlebot-maze/install/tb_autonomy/lib/tb_autonomy/autonomy_node.py
-- Installing: /home/ren/workspaces/turtlebot3_ws/src/turtlebot-maze/install/tb_autonomy/lib/tb_autonomy/test_move_base.py
-- Installing: /home/ren/workspaces/turtlebot3_ws/src/turtlebot-maze/install/tb_autonomy/lib/tb_autonomy/test_vision.py
-- Installing: /home/ren/workspaces/turtlebot3_ws/src/turtlebot-maze/install/tb_autonomy/lib/tb_autonomy/autonomy_node_cpp
-- Set non-toolchain portion of runtime path of "/home/ren/workspaces/turtlebot3_ws/src/turtlebot-maze/install/tb_autonomy/lib/tb_autonomy/autonomy_node_cpp" to ""
-- Installing: /home/ren/workspaces/turtlebot3_ws/src/turtlebot-maze/install/tb_autonomy/share/ament_index/resource_index/package_run_dependencies/tb_autonomy
-- Installing: /home/ren/workspaces/turtlebot3_ws/src/turtlebot-maze/install/tb_autonomy/share/ament_index/resource_index/parent_prefix_path/tb_autonomy
-- Installing: /home/ren/workspaces/turtlebot3_ws/src/turtlebot-maze/install/tb_autonomy/share/tb_autonomy/environment/ament_prefix_path.sh
-- Installing: /home/ren/workspaces/turtlebot3_ws/src/turtlebot-maze/install/tb_autonomy/share/tb_autonomy/environment/ament_prefix_path.dsv
-- Installing: /home/ren/workspaces/turtlebot3_ws/src/turtlebot-maze/install/tb_autonomy/share/tb_autonomy/environment/path.sh
-- Installing: /home/ren/workspaces/turtlebot3_ws/src/turtlebot-maze/install/tb_autonomy/share/tb_autonomy/environment/path.dsv
-- Installing: /home/ren/workspaces/turtlebot3_ws/src/turtlebot-maze/install/tb_autonomy/share/tb_autonomy/local_setup.bash
-- Installing: /home/ren/workspaces/turtlebot3_ws/src/turtlebot-maze/install/tb_autonomy/share/tb_autonomy/local_setup.sh
-- Installing: /home/ren/workspaces/turtlebot3_ws/src/turtlebot-maze/install/tb_autonomy/share/tb_autonomy/local_setup.zsh
-- Installing: /home/ren/workspaces/turtlebot3_ws/src/turtlebot-maze/install/tb_autonomy/share/tb_autonomy/local_setup.dsv
-- Installing: /home/ren/workspaces/turtlebot3_ws/src/turtlebot-maze/install/tb_autonomy/share/tb_autonomy/package.dsv
-- Installing: /home/ren/workspaces/turtlebot3_ws/src/turtlebot-maze/install/tb_autonomy/share/ament_index/resource_index/packages/tb_autonomy
-- Installing: /home/ren/workspaces/turtlebot3_ws/src/turtlebot-maze/install/tb_autonomy/share/tb_autonomy/cmake/tb_autonomyConfig.cmake
-- Installing: /home/ren/workspaces/turtlebot3_ws/src/turtlebot-maze/install/tb_autonomy/share/tb_autonomy/cmake/tb_autonomyConfig-version.cmake
-- Installing: /home/ren/workspaces/turtlebot3_ws/src/turtlebot-maze/install/tb_autonomy/share/tb_autonomy/package.xml
