[0.145s] Invoking command in '/home/ren/workspaces/turtlebot3_ws/src/turtlebot-maze/build/tb_autonomy': AMENT_PREFIX_PATH=/home/ren/workspaces/turtlebot3_ws/src/turtlebot-maze/install/tb_worlds:${AMENT_PREFIX_PATH} CMAKE_PREFIX_PATH=/home/ren/workspaces/turtlebot3_ws/src/turtlebot-maze/install/tb_worlds:/opt/ros/jazzy/opt/gz_sim_vendor:/opt/ros/jazzy/opt/gz_sensors_vendor:/opt/ros/jazzy/opt/gz_physics_vendor:/opt/ros/jazzy/opt/sdformat_vendor:/opt/ros/jazzy/opt/gz_gui_vendor:/opt/ros/jazzy/opt/gz_transport_vendor:/opt/ros/jazzy/opt/gz_rendering_vendor:/opt/ros/jazzy/opt/gz_plugin_vendor:/opt/ros/jazzy/opt/gz_fuel_tools_vendor:/opt/ros/jazzy/opt/gz_msgs_vendor:/opt/ros/jazzy/opt/gz_common_vendor:/opt/ros/jazzy/opt/gz_math_vendor:/opt/ros/jazzy/opt/gz_utils_vendor:/opt/ros/jazzy/opt/gz_tools_vendor:/opt/ros/jazzy/opt/gz_ogre_next_vendor:/opt/ros/jazzy/opt/gz_dartsim_vendor:/opt/ros/jazzy/opt/gz_cmake_vendor:/opt/ros/jazzy /usr/bin/cmake --build /home/ren/workspaces/turtlebot3_ws/src/turtlebot-maze/build/tb_autonomy -- -j8 -l8
[0.388s] [  0%] Built target ament_cmake_python_copy_tb_behaviors
[0.507s] [100%] Built target autonomy_node_cpp
[1.180s] running egg_info
[1.203s] writing tb_behaviors.egg-info/PKG-INFO
[1.203s] writing dependency_links to tb_behaviors.egg-info/dependency_links.txt
[1.204s] writing top-level names to tb_behaviors.egg-info/top_level.txt
[1.468s] reading manifest file 'tb_behaviors.egg-info/SOURCES.txt'
[1.468s] writing manifest file 'tb_behaviors.egg-info/SOURCES.txt'
[1.571s] [100%] Built target ament_cmake_python_build_tb_behaviors_egg
[1.599s] Invoked command in '/home/ren/workspaces/turtlebot3_ws/src/turtlebot-maze/build/tb_autonomy' returned '0': AMENT_PREFIX_PATH=/home/ren/workspaces/turtlebot3_ws/src/turtlebot-maze/install/tb_worlds:${AMENT_PREFIX_PATH} CMAKE_PREFIX_PATH=/home/ren/workspaces/turtlebot3_ws/src/turtlebot-maze/install/tb_worlds:/opt/ros/jazzy/opt/gz_sim_vendor:/opt/ros/jazzy/opt/gz_sensors_vendor:/opt/ros/jazzy/opt/gz_physics_vendor:/opt/ros/jazzy/opt/sdformat_vendor:/opt/ros/jazzy/opt/gz_gui_vendor:/opt/ros/jazzy/opt/gz_transport_vendor:/opt/ros/jazzy/opt/gz_rendering_vendor:/opt/ros/jazzy/opt/gz_plugin_vendor:/opt/ros/jazzy/opt/gz_fuel_tools_vendor:/opt/ros/jazzy/opt/gz_msgs_vendor:/opt/ros/jazzy/opt/gz_common_vendor:/opt/ros/jazzy/opt/gz_math_vendor:/opt/ros/jazzy/opt/gz_utils_vendor:/opt/ros/jazzy/opt/gz_tools_vendor:/opt/ros/jazzy/opt/gz_ogre_next_vendor:/opt/ros/jazzy/opt/gz_dartsim_vendor:/opt/ros/jazzy/opt/gz_cmake_vendor:/opt/ros/jazzy /usr/bin/cmake --build /home/ren/workspaces/turtlebot3_ws/src/turtlebot-maze/build/tb_autonomy -- -j8 -l8
[1.601s] Invoking command in '/home/ren/workspaces/turtlebot3_ws/src/turtlebot-maze/build/tb_autonomy': AMENT_PREFIX_PATH=/home/ren/workspaces/turtlebot3_ws/src/turtlebot-maze/install/tb_worlds:${AMENT_PREFIX_PATH} CMAKE_PREFIX_PATH=/home/ren/workspaces/turtlebot3_ws/src/turtlebot-maze/install/tb_worlds:/opt/ros/jazzy/opt/gz_sim_vendor:/opt/ros/jazzy/opt/gz_sensors_vendor:/opt/ros/jazzy/opt/gz_physics_vendor:/opt/ros/jazzy/opt/sdformat_vendor:/opt/ros/jazzy/opt/gz_gui_vendor:/opt/ros/jazzy/opt/gz_transport_vendor:/opt/ros/jazzy/opt/gz_rendering_vendor:/opt/ros/jazzy/opt/gz_plugin_vendor:/opt/ros/jazzy/opt/gz_fuel_tools_vendor:/opt/ros/jazzy/opt/gz_msgs_vendor:/opt/ros/jazzy/opt/gz_common_vendor:/opt/ros/jazzy/opt/gz_math_vendor:/opt/ros/jazzy/opt/gz_utils_vendor:/opt/ros/jazzy/opt/gz_tools_vendor:/opt/ros/jazzy/opt/gz_ogre_next_vendor:/opt/ros/jazzy/opt/gz_dartsim_vendor:/opt/ros/jazzy/opt/gz_cmake_vendor:/opt/ros/jazzy /usr/bin/cmake --install /home/ren/workspaces/turtlebot3_ws/src/turtlebot-maze/build/tb_autonomy
[1.615s] -- Install configuration: ""
[1.619s] -- Up-to-date: /home/ren/workspaces/turtlebot3_ws/src/turtlebot-maze/install/tb_autonomy/share/tb_autonomy/bt_xml
[1.619s] -- Up-to-date: /home/ren/workspaces/turtlebot3_ws/src/turtlebot-maze/install/tb_autonomy/share/tb_autonomy/bt_xml/tree_queue.xml
[1.619s] -- Up-to-date: /home/ren/workspaces/turtlebot3_ws/src/turtlebot-maze/install/tb_autonomy/share/tb_autonomy/bt_xml/nav_tree_naive.xml
[1.619s] -- Up-to-date: /home/ren/workspaces/turtlebot3_ws/src/turtlebot-maze/install/tb_autonomy/share/tb_autonomy/bt_xml/tree_naive.xml
[1.619s] -- Up-to-date: /home/ren/workspaces/turtlebot3_ws/src/turtlebot-maze/install/tb_autonomy/share/tb_autonomy/bt_xml/nav_tree_queue.xml
[1.619s] -- Up-to-date: /home/ren/workspaces/turtlebot3_ws/src/turtlebot-maze/install/tb_autonomy/share/tb_autonomy/launch
[1.619s] -- Up-to-date: /home/ren/workspaces/turtlebot3_ws/src/turtlebot-maze/install/tb_autonomy/share/tb_autonomy/launch/tb_demo_behavior_py.launch.py
[1.619s] -- Up-to-date: /home/ren/workspaces/turtlebot3_ws/src/turtlebot-maze/install/tb_autonomy/share/tb_autonomy/launch/tb_demo_behavior_cpp.launch.py
[1.619s] -- Up-to-date: /home/ren/workspaces/turtlebot3_ws/src/turtlebot-maze/install/tb_autonomy/share/tb_autonomy/environment/pythonpath.sh
[1.619s] -- Up-to-date: /home/ren/workspaces/turtlebot3_ws/src/turtlebot-maze/install/tb_autonomy/share/tb_autonomy/environment/pythonpath.dsv
[1.619s] -- Up-to-date: /home/ren/workspaces/turtlebot3_ws/src/turtlebot-maze/install/tb_autonomy/lib/python3.12/site-packages/tb_behaviors-0.0.0-py3.12.egg-info
[1.620s] -- Installing: /home/ren/workspaces/turtlebot3_ws/src/turtlebot-maze/install/tb_autonomy/lib/python3.12/site-packages/tb_behaviors-0.0.0-py3.12.egg-info/PKG-INFO
[1.620s] -- Installing: /home/ren/workspaces/turtlebot3_ws/src/turtlebot-maze/install/tb_autonomy/lib/python3.12/site-packages/tb_behaviors-0.0.0-py3.12.egg-info/dependency_links.txt
[1.621s] -- Installing: /home/ren/workspaces/turtlebot3_ws/src/turtlebot-maze/install/tb_autonomy/lib/python3.12/site-packages/tb_behaviors-0.0.0-py3.12.egg-info/top_level.txt
[1.621s] -- Installing: /home/ren/workspaces/turtlebot3_ws/src/turtlebot-maze/install/tb_autonomy/lib/python3.12/site-packages/tb_behaviors-0.0.0-py3.12.egg-info/SOURCES.txt
[1.621s] -- Up-to-date: /home/ren/workspaces/turtlebot3_ws/src/turtlebot-maze/install/tb_autonomy/lib/python3.12/site-packages/tb_behaviors
[1.621s] -- Up-to-date: /home/ren/workspaces/turtlebot3_ws/src/turtlebot-maze/install/tb_autonomy/lib/python3.12/site-packages/tb_behaviors/vision.py
[1.621s] -- Up-to-date: /home/ren/workspaces/turtlebot3_ws/src/turtlebot-maze/install/tb_autonomy/lib/python3.12/site-packages/tb_behaviors/navigation.py
[1.622s] -- Up-to-date: /home/ren/workspaces/turtlebot3_ws/src/turtlebot-maze/install/tb_autonomy/lib/python3.12/site-packages/tb_behaviors/__init__.py
[1.734s] Listing '/home/ren/workspaces/turtlebot3_ws/src/turtlebot-maze/install/tb_autonomy/lib/python3.12/site-packages/tb_behaviors'...
[1.772s] -- Up-to-date: /home/ren/workspaces/turtlebot3_ws/src/turtlebot-maze/install/tb_autonomy/lib/tb_autonomy/autonomy_node.py
[1.773s] -- Up-to-date: /home/ren/workspaces/turtlebot3_ws/src/turtlebot-maze/install/tb_autonomy/lib/tb_autonomy/test_move_base.py
[1.774s] -- Up-to-date: /home/ren/workspaces/turtlebot3_ws/src/turtlebot-maze/install/tb_autonomy/lib/tb_autonomy/test_vision.py
[1.774s] -- Up-to-date: /home/ren/workspaces/turtlebot3_ws/src/turtlebot-maze/install/tb_autonomy/lib/tb_autonomy/zenoh_detection_sub.py
[1.775s] -- Up-to-date: /home/ren/workspaces/turtlebot3_ws/src/turtlebot-maze/install/tb_autonomy/lib/tb_autonomy/autonomy_node_cpp
[1.776s] -- Up-to-date: /home/ren/workspaces/turtlebot3_ws/src/turtlebot-maze/install/tb_autonomy/share/ament_index/resource_index/package_run_dependencies/tb_autonomy
[1.776s] -- Up-to-date: /home/ren/workspaces/turtlebot3_ws/src/turtlebot-maze/install/tb_autonomy/share/ament_index/resource_index/parent_prefix_path/tb_autonomy
[1.776s] -- Up-to-date: /home/ren/workspaces/turtlebot3_ws/src/turtlebot-maze/install/tb_autonomy/share/tb_autonomy/environment/ament_prefix_path.sh
[1.777s] -- Up-to-date: /home/ren/workspaces/turtlebot3_ws/src/turtlebot-maze/install/tb_autonomy/share/tb_autonomy/environment/ament_prefix_path.dsv
[1.777s] -- Up-to-date: /home/ren/workspaces/turtlebot3_ws/src/turtlebot-maze/install/tb_autonomy/share/tb_autonomy/environment/path.sh
[1.777s] -- Up-to-date: /home/ren/workspaces/turtlebot3_ws/src/turtlebot-maze/install/tb_autonomy/share/tb_autonomy/environment/path.dsv
[1.777s] -- Up-to-date: /home/ren/workspaces/turtlebot3_ws/src/turtlebot-maze/install/tb_autonomy/share/tb_autonomy/local_setup.bash
[1.777s] -- Up-to-date: /home/ren/workspaces/turtlebot3_ws/src/turtlebot-maze/install/tb_autonomy/share/tb_autonomy/local_setup.sh
[1.779s] -- Up-to-date: /home/ren/workspaces/turtlebot3_ws/src/turtlebot-maze/install/tb_autonomy/share/tb_autonomy/local_setup.zsh
[1.779s] -- Up-to-date: /home/ren/workspaces/turtlebot3_ws/src/turtlebot-maze/install/tb_autonomy/share/tb_autonomy/local_setup.dsv
[1.779s] -- Installing: /home/ren/workspaces/turtlebot3_ws/src/turtlebot-maze/install/tb_autonomy/share/tb_autonomy/package.dsv
[1.779s] -- Up-to-date: /home/ren/workspaces/turtlebot3_ws/src/turtlebot-maze/install/tb_autonomy/share/ament_index/resource_index/packages/tb_autonomy
[1.782s] -- Up-to-date: /home/ren/workspaces/turtlebot3_ws/src/turtlebot-maze/install/tb_autonomy/share/tb_autonomy/cmake/tb_autonomyConfig.cmake
[1.782s] -- Up-to-date: /home/ren/workspaces/turtlebot3_ws/src/turtlebot-maze/install/tb_autonomy/share/tb_autonomy/cmake/tb_autonomyConfig-version.cmake
[1.783s] -- Up-to-date: /home/ren/workspaces/turtlebot3_ws/src/turtlebot-maze/install/tb_autonomy/share/tb_autonomy/package.xml
[1.784s] Invoked command in '/home/ren/workspaces/turtlebot3_ws/src/turtlebot-maze/build/tb_autonomy' returned '0': AMENT_PREFIX_PATH=/home/ren/workspaces/turtlebot3_ws/src/turtlebot-maze/install/tb_worlds:${AMENT_PREFIX_PATH} CMAKE_PREFIX_PATH=/home/ren/workspaces/turtlebot3_ws/src/turtlebot-maze/install/tb_worlds:/opt/ros/jazzy/opt/gz_sim_vendor:/opt/ros/jazzy/opt/gz_sensors_vendor:/opt/ros/jazzy/opt/gz_physics_vendor:/opt/ros/jazzy/opt/sdformat_vendor:/opt/ros/jazzy/opt/gz_gui_vendor:/opt/ros/jazzy/opt/gz_transport_vendor:/opt/ros/jazzy/opt/gz_rendering_vendor:/opt/ros/jazzy/opt/gz_plugin_vendor:/opt/ros/jazzy/opt/gz_fuel_tools_vendor:/opt/ros/jazzy/opt/gz_msgs_vendor:/opt/ros/jazzy/opt/gz_common_vendor:/opt/ros/jazzy/opt/gz_math_vendor:/opt/ros/jazzy/opt/gz_utils_vendor:/opt/ros/jazzy/opt/gz_tools_vendor:/opt/ros/jazzy/opt/gz_ogre_next_vendor:/opt/ros/jazzy/opt/gz_dartsim_vendor:/opt/ros/jazzy/opt/gz_cmake_vendor:/opt/ros/jazzy /usr/bin/cmake --install /home/ren/workspaces/turtlebot3_ws/src/turtlebot-maze/build/tb_autonomy
