[0.046s] Invoking command in '/home/ren/workspaces/turtlebot3_ws/src/turtlebot-maze/build/tb_worlds': CMAKE_PREFIX_PATH=${CMAKE_PREFIX_PATH}:/opt/ros/jazzy /usr/bin/cmake --build /home/ren/workspaces/turtlebot3_ws/src/turtlebot-maze/build/tb_worlds -- -j8 -l8
[0.284s] Invoked command in '/home/ren/workspaces/turtlebot3_ws/src/turtlebot-maze/build/tb_worlds' returned '0': CMAKE_PREFIX_PATH=${CMAKE_PREFIX_PATH}:/opt/ros/jazzy /usr/bin/cmake --build /home/ren/workspaces/turtlebot3_ws/src/turtlebot-maze/build/tb_worlds -- -j8 -l8
[0.303s] Invoking command in '/home/ren/workspaces/turtlebot3_ws/src/turtlebot-maze/build/tb_worlds': CMAKE_PREFIX_PATH=${CMAKE_PREFIX_PATH}:/opt/ros/jazzy /usr/bin/cmake --install /home/ren/workspaces/turtlebot3_ws/src/turtlebot-maze/build/tb_worlds
[0.321s] -- Install configuration: ""
[0.323s] -- Up-to-date: /home/ren/workspaces/turtlebot3_ws/src/turtlebot-maze/install/tb_worlds/share/tb_worlds/launch
[0.325s] -- Up-to-date: /home/ren/workspaces/turtlebot3_ws/src/turtlebot-maze/install/tb_worlds/share/tb_worlds/launch/tb_world.launch.py
[0.326s] -- Up-to-date: /home/ren/workspaces/turtlebot3_ws/src/turtlebot-maze/install/tb_worlds/share/tb_worlds/launch/tb_demo_world.launch.py
[0.327s] -- Up-to-date: /home/ren/workspaces/turtlebot3_ws/src/turtlebot-maze/install/tb_worlds/share/tb_worlds/launch/turtlebot_spawner.launch.py
[0.327s] -- Up-to-date: /home/ren/workspaces/turtlebot3_ws/src/turtlebot-maze/install/tb_worlds/share/tb_worlds/launch/block_spawner.launch.py
[0.329s] -- Up-to-date: /home/ren/workspaces/turtlebot3_ws/src/turtlebot-maze/install/tb_worlds/share/tb_worlds/launch/aruco_marker_spawner.launch.py
[0.329s] -- Up-to-date: /home/ren/workspaces/turtlebot3_ws/src/turtlebot-maze/install/tb_worlds/share/tb_worlds/maps
[0.329s] -- Up-to-date: /home/ren/workspaces/turtlebot3_ws/src/turtlebot-maze/install/tb_worlds/share/tb_worlds/maps/sim_house_locations.yaml
[0.330s] -- Up-to-date: /home/ren/workspaces/turtlebot3_ws/src/turtlebot-maze/install/tb_worlds/share/tb_worlds/maps/sim_house_map.yaml
[0.330s] -- Up-to-date: /home/ren/workspaces/turtlebot3_ws/src/turtlebot-maze/install/tb_worlds/share/tb_worlds/maps/sim_house_map.pgm
[0.330s] -- Up-to-date: /home/ren/workspaces/turtlebot3_ws/src/turtlebot-maze/install/tb_worlds/share/tb_worlds/models
[0.331s] -- Up-to-date: /home/ren/workspaces/turtlebot3_ws/src/turtlebot-maze/install/tb_worlds/share/tb_worlds/models/bowl
[0.331s] -- Up-to-date: /home/ren/workspaces/turtlebot3_ws/src/turtlebot-maze/install/tb_worlds/share/tb_worlds/models/bowl/model-1_2.sdf
[0.331s] -- Up-to-date: /home/ren/workspaces/turtlebot3_ws/src/turtlebot-maze/install/tb_worlds/share/tb_worlds/models/bowl/meshes
[0.332s] -- Up-to-date: /home/ren/workspaces/turtlebot3_ws/src/turtlebot-maze/install/tb_worlds/share/tb_worlds/models/bowl/meshes/bowl.dae
[0.332s] -- Up-to-date: /home/ren/workspaces/turtlebot3_ws/src/turtlebot-maze/install/tb_worlds/share/tb_worlds/models/bowl/model.sdf
[0.332s] -- Up-to-date: /home/ren/workspaces/turtlebot3_ws/src/turtlebot-maze/install/tb_worlds/share/tb_worlds/models/bowl/model.config
[0.333s] -- Up-to-date: /home/ren/workspaces/turtlebot3_ws/src/turtlebot-maze/install/tb_worlds/share/tb_worlds/models/bowl/model-1_3.sdf
[0.333s] -- Up-to-date: /home/ren/workspaces/turtlebot3_ws/src/turtlebot-maze/install/tb_worlds/share/tb_worlds/models/bowl/model-1_4.sdf
[0.333s] -- Up-to-date: /home/ren/workspaces/turtlebot3_ws/src/turtlebot-maze/install/tb_worlds/share/tb_worlds/models/blue_block
[0.334s] -- Up-to-date: /home/ren/workspaces/turtlebot3_ws/src/turtlebot-maze/install/tb_worlds/share/tb_worlds/models/blue_block/model.sdf
[0.334s] -- Up-to-date: /home/ren/workspaces/turtlebot3_ws/src/turtlebot-maze/install/tb_worlds/share/tb_worlds/models/blue_block/model.config
[0.334s] -- Up-to-date: /home/ren/workspaces/turtlebot3_ws/src/turtlebot-maze/install/tb_worlds/share/tb_worlds/models/red_block
[0.334s] -- Up-to-date: /home/ren/workspaces/turtlebot3_ws/src/turtlebot-maze/install/tb_worlds/share/tb_worlds/models/red_block/model.sdf
[0.335s] -- Up-to-date: /home/ren/workspaces/turtlebot3_ws/src/turtlebot-maze/install/tb_worlds/share/tb_worlds/models/red_block/model.config
[0.335s] -- Up-to-date: /home/ren/workspaces/turtlebot3_ws/src/turtlebot-maze/install/tb_worlds/share/tb_worlds/models/green_block
[0.335s] -- Up-to-date: /home/ren/workspaces/turtlebot3_ws/src/turtlebot-maze/install/tb_worlds/share/tb_worlds/models/green_block/model.sdf
[0.336s] -- Up-to-date: /home/ren/workspaces/turtlebot3_ws/src/turtlebot-maze/install/tb_worlds/share/tb_worlds/models/green_block/model.config
[0.336s] -- Up-to-date: /home/ren/workspaces/turtlebot3_ws/src/turtlebot-maze/install/tb_worlds/share/tb_worlds/models/aruco_id_80
[0.336s] -- Up-to-date: /home/ren/workspaces/turtlebot3_ws/src/turtlebot-maze/install/tb_worlds/share/tb_worlds/models/aruco_id_80/materials
[0.337s] -- Up-to-date: /home/ren/workspaces/turtlebot3_ws/src/turtlebot-maze/install/tb_worlds/share/tb_worlds/models/aruco_id_80/materials/textures
[0.337s] -- Up-to-date: /home/ren/workspaces/turtlebot3_ws/src/turtlebot-maze/install/tb_worlds/share/tb_worlds/models/aruco_id_80/materials/textures/80.jpg
[0.338s] -- Up-to-date: /home/ren/workspaces/turtlebot3_ws/src/turtlebot-maze/install/tb_worlds/share/tb_worlds/models/aruco_id_80/materials/textures/80.png
[0.338s] -- Up-to-date: /home/ren/workspaces/turtlebot3_ws/src/turtlebot-maze/install/tb_worlds/share/tb_worlds/models/aruco_id_80/meshes
[0.338s] -- Up-to-date: /home/ren/workspaces/turtlebot3_ws/src/turtlebot-maze/install/tb_worlds/share/tb_worlds/models/aruco_id_80/meshes/aruco_cube_80.obj
[0.338s] -- Up-to-date: /home/ren/workspaces/turtlebot3_ws/src/turtlebot-maze/install/tb_worlds/share/tb_worlds/models/aruco_id_80/meshes/aruco_cube_80.mtl
[0.339s] -- Up-to-date: /home/ren/workspaces/turtlebot3_ws/src/turtlebot-maze/install/tb_worlds/share/tb_worlds/models/aruco_id_80/model.sdf
[0.341s] -- Up-to-date: /home/ren/workspaces/turtlebot3_ws/src/turtlebot-maze/install/tb_worlds/share/tb_worlds/models/aruco_id_80/model.config
[0.342s] -- Up-to-date: /home/ren/workspaces/turtlebot3_ws/src/turtlebot-maze/install/tb_worlds/share/tb_worlds/models/aruco_id_80/thumbnails
[0.342s] -- Up-to-date: /home/ren/workspaces/turtlebot3_ws/src/turtlebot-maze/install/tb_worlds/share/tb_worlds/models/aruco_id_80/thumbnails/1.png
[0.342s] -- Up-to-date: /home/ren/workspaces/turtlebot3_ws/src/turtlebot-maze/install/tb_worlds/share/tb_worlds/models/bench_with_misc
[0.343s] -- Up-to-date: /home/ren/workspaces/turtlebot3_ws/src/turtlebot-maze/install/tb_worlds/share/tb_worlds/models/bench_with_misc/model.sdf
[0.343s] -- Up-to-date: /home/ren/workspaces/turtlebot3_ws/src/turtlebot-maze/install/tb_worlds/share/tb_worlds/models/apple
[0.344s] -- Up-to-date: /home/ren/workspaces/turtlebot3_ws/src/turtlebot-maze/install/tb_worlds/share/tb_worlds/models/apple/model.sdf
[0.344s] -- Up-to-date: /home/ren/workspaces/turtlebot3_ws/src/turtlebot-maze/install/tb_worlds/share/tb_worlds/models/stop_light
[0.345s] -- Up-to-date: /home/ren/workspaces/turtlebot3_ws/src/turtlebot-maze/install/tb_worlds/share/tb_worlds/models/stop_light/materials
[0.345s] -- Up-to-date: /home/ren/workspaces/turtlebot3_ws/src/turtlebot-maze/install/tb_worlds/share/tb_worlds/models/stop_light/materials/scripts
[0.345s] -- Up-to-date: /home/ren/workspaces/turtlebot3_ws/src/turtlebot-maze/install/tb_worlds/share/tb_worlds/models/stop_light/materials/scripts/stop_light.material
[0.345s] -- Up-to-date: /home/ren/workspaces/turtlebot3_ws/src/turtlebot-maze/install/tb_worlds/share/tb_worlds/models/stop_light/materials/textures
[0.345s] -- Up-to-date: /home/ren/workspaces/turtlebot3_ws/src/turtlebot-maze/install/tb_worlds/share/tb_worlds/models/stop_light/materials/textures/greyscale_light.png
[0.345s] -- Up-to-date: /home/ren/workspaces/turtlebot3_ws/src/turtlebot-maze/install/tb_worlds/share/tb_worlds/models/stop_light/materials/textures/stop_light.png
[0.345s] -- Up-to-date: /home/ren/workspaces/turtlebot3_ws/src/turtlebot-maze/install/tb_worlds/share/tb_worlds/models/stop_light/meshes
[0.345s] -- Up-to-date: /home/ren/workspaces/turtlebot3_ws/src/turtlebot-maze/install/tb_worlds/share/tb_worlds/models/stop_light/meshes/stop_light.obj
[0.345s] -- Up-to-date: /home/ren/workspaces/turtlebot3_ws/src/turtlebot-maze/install/tb_worlds/share/tb_worlds/models/stop_light/meshes/stop_light.mtl
[0.345s] -- Up-to-date: /home/ren/workspaces/turtlebot3_ws/src/turtlebot-maze/install/tb_worlds/share/tb_worlds/models/stop_light/model.sdf
[0.345s] -- Up-to-date: /home/ren/workspaces/turtlebot3_ws/src/turtlebot-maze/install/tb_worlds/share/tb_worlds/models/stop_light/model.config
[0.345s] -- Up-to-date: /home/ren/workspaces/turtlebot3_ws/src/turtlebot-maze/install/tb_worlds/share/tb_worlds/models/bench_with_animals
[0.346s] -- Up-to-date: /home/ren/workspaces/turtlebot3_ws/src/turtlebot-maze/install/tb_worlds/share/tb_worlds/models/bench_with_animals/model.sdf
[0.346s] -- Up-to-date: /home/ren/workspaces/turtlebot3_ws/src/turtlebot-maze/install/tb_worlds/share/tb_worlds/models/fire_hydrant
[0.346s] -- Up-to-date: /home/ren/workspaces/turtlebot3_ws/src/turtlebot-maze/install/tb_worlds/share/tb_worlds/models/fire_hydrant/materials
[0.346s] -- Up-to-date: /home/ren/workspaces/turtlebot3_ws/src/turtlebot-maze/install/tb_worlds/share/tb_worlds/models/fire_hydrant/materials/textures
[0.346s] -- Up-to-date: /home/ren/workspaces/turtlebot3_ws/src/turtlebot-maze/install/tb_worlds/share/tb_worlds/models/fire_hydrant/materials/textures/fire_hydrant_diffuse.png
[0.346s] -- Up-to-date: /home/ren/workspaces/turtlebot3_ws/src/turtlebot-maze/install/tb_worlds/share/tb_worlds/models/fire_hydrant/materials/textures/fire_hydrant_spec.png
[0.346s] -- Up-to-date: /home/ren/workspaces/turtlebot3_ws/src/turtlebot-maze/install/tb_worlds/share/tb_worlds/models/fire_hydrant/meshes
[0.346s] -- Up-to-date: /home/ren/workspaces/turtlebot3_ws/src/turtlebot-maze/install/tb_worlds/share/tb_worlds/models/fire_hydrant/meshes/fire_hydrant.dae
[0.347s] -- Up-to-date: /home/ren/workspaces/turtlebot3_ws/src/turtlebot-maze/install/tb_worlds/share/tb_worlds/models/fire_hydrant/model.sdf
[0.347s] -- Up-to-date: /home/ren/workspaces/turtlebot3_ws/src/turtlebot-maze/install/tb_worlds/share/tb_worlds/models/fire_hydrant/model.config
[0.347s] -- Up-to-date: /home/ren/workspaces/turtlebot3_ws/src/turtlebot-maze/install/tb_worlds/share/tb_worlds/models/fire_hydrant/model-1_4.sdf
[0.347s] -- Up-to-date: /home/ren/workspaces/turtlebot3_ws/src/turtlebot-maze/install/tb_worlds/share/tb_worlds/models/table
[0.347s] -- Up-to-date: /home/ren/workspaces/turtlebot3_ws/src/turtlebot-maze/install/tb_worlds/share/tb_worlds/models/table/model-1_2.sdf
[0.347s] -- Up-to-date: /home/ren/workspaces/turtlebot3_ws/src/turtlebot-maze/install/tb_worlds/share/tb_worlds/models/table/model.sdf
[0.347s] -- Up-to-date: /home/ren/workspaces/turtlebot3_ws/src/turtlebot-maze/install/tb_worlds/share/tb_worlds/models/table/model.config
[0.347s] -- Up-to-date: /home/ren/workspaces/turtlebot3_ws/src/turtlebot-maze/install/tb_worlds/share/tb_worlds/models/table/model-1_3.sdf
[0.347s] -- Up-to-date: /home/ren/workspaces/turtlebot3_ws/src/turtlebot-maze/install/tb_worlds/share/tb_worlds/models/table/model-1_4.sdf
[0.347s] -- Up-to-date: /home/ren/workspaces/turtlebot3_ws/src/turtlebot-maze/install/tb_worlds/share/tb_worlds/models/bus
[0.347s] -- Up-to-date: /home/ren/workspaces/turtlebot3_ws/src/turtlebot-maze/install/tb_worlds/share/tb_worlds/models/bus/materials
[0.347s] -- Up-to-date: /home/ren/workspaces/turtlebot3_ws/src/turtlebot-maze/install/tb_worlds/share/tb_worlds/models/bus/materials/textures
[0.348s] -- Up-to-date: /home/ren/workspaces/turtlebot3_ws/src/turtlebot-maze/install/tb_worlds/share/tb_worlds/models/bus/materials/textures/bus.png
[0.349s] -- Up-to-date: /home/ren/workspaces/turtlebot3_ws/src/turtlebot-maze/install/tb_worlds/share/tb_worlds/models/bus/meshes
[0.350s] -- Up-to-date: /home/ren/workspaces/turtlebot3_ws/src/turtlebot-maze/install/tb_worlds/share/tb_worlds/models/bus/meshes/bus.obj
[0.350s] -- Up-to-date: /home/ren/workspaces/turtlebot3_ws/src/turtlebot-maze/install/tb_worlds/share/tb_worlds/models/bus/meshes/bus.mtl
[0.350s] -- Up-to-date: /home/ren/workspaces/turtlebot3_ws/src/turtlebot-maze/install/tb_worlds/share/tb_worlds/models/bus/model.sdf
[0.350s] -- Up-to-date: /home/ren/workspaces/turtlebot3_ws/src/turtlebot-maze/install/tb_worlds/share/tb_worlds/models/bus/model.config
[0.350s] -- Up-to-date: /home/ren/workspaces/turtlebot3_ws/src/turtlebot-maze/install/tb_worlds/share/tb_worlds/models/aruco_id_60
[0.351s] -- Up-to-date: /home/ren/workspaces/turtlebot3_ws/src/turtlebot-maze/install/tb_worlds/share/tb_worlds/models/aruco_id_60/materials
[0.352s] -- Up-to-date: /home/ren/workspaces/turtlebot3_ws/src/turtlebot-maze/install/tb_worlds/share/tb_worlds/models/aruco_id_60/materials/textures
[0.352s] -- Up-to-date: /home/ren/workspaces/turtlebot3_ws/src/turtlebot-maze/install/tb_worlds/share/tb_worlds/models/aruco_id_60/materials/textures/60.png
[0.352s] -- Up-to-date: /home/ren/workspaces/turtlebot3_ws/src/turtlebot-maze/install/tb_worlds/share/tb_worlds/models/aruco_id_60/materials/textures/60.jpg
[0.353s] -- Up-to-date: /home/ren/workspaces/turtlebot3_ws/src/turtlebot-maze/install/tb_worlds/share/tb_worlds/models/aruco_id_60/meshes
[0.353s] -- Up-to-date: /home/ren/workspaces/turtlebot3_ws/src/turtlebot-maze/install/tb_worlds/share/tb_worlds/models/aruco_id_60/meshes/aruco_cube_60.mtl
[0.353s] -- Up-to-date: /home/ren/workspaces/turtlebot3_ws/src/turtlebot-maze/install/tb_worlds/share/tb_worlds/models/aruco_id_60/meshes/aruco_cube_60.obj
[0.354s] -- Up-to-date: /home/ren/workspaces/turtlebot3_ws/src/turtlebot-maze/install/tb_worlds/share/tb_worlds/models/aruco_id_60/model.sdf
[0.355s] -- Up-to-date: /home/ren/workspaces/turtlebot3_ws/src/turtlebot-maze/install/tb_worlds/share/tb_worlds/models/aruco_id_60/model.config
[0.355s] -- Up-to-date: /home/ren/workspaces/turtlebot3_ws/src/turtlebot-maze/install/tb_worlds/share/tb_worlds/models/aruco_id_60/thumbnails
[0.355s] -- Up-to-date: /home/ren/workspaces/turtlebot3_ws/src/turtlebot-maze/install/tb_worlds/share/tb_worlds/models/aruco_id_60/thumbnails/1.png
[0.355s] -- Up-to-date: /home/ren/workspaces/turtlebot3_ws/src/turtlebot-maze/install/tb_worlds/share/tb_worlds/models/orange
[0.355s] -- Up-to-date: /home/ren/workspaces/turtlebot3_ws/src/turtlebot-maze/install/tb_worlds/share/tb_worlds/models/orange/model.sdf
[0.355s] -- Up-to-date: /home/ren/workspaces/turtlebot3_ws/src/turtlebot-maze/install/tb_worlds/share/tb_worlds/models/banana
[0.355s] -- Up-to-date: /home/ren/workspaces/turtlebot3_ws/src/turtlebot-maze/install/tb_worlds/share/tb_worlds/models/banana/model.sdf
[0.356s] -- Up-to-date: /home/ren/workspaces/turtlebot3_ws/src/turtlebot-maze/install/tb_worlds/share/tb_worlds/models/plastic_cup
[0.356s] -- Up-to-date: /home/ren/workspaces/turtlebot3_ws/src/turtlebot-maze/install/tb_worlds/share/tb_worlds/models/plastic_cup/meshes
[0.356s] -- Up-to-date: /home/ren/workspaces/turtlebot3_ws/src/turtlebot-maze/install/tb_worlds/share/tb_worlds/models/plastic_cup/meshes/plastic_cup.dae
[0.356s] -- Up-to-date: /home/ren/workspaces/turtlebot3_ws/src/turtlebot-maze/install/tb_worlds/share/tb_worlds/models/plastic_cup/model.rsdf
[0.356s] -- Up-to-date: /home/ren/workspaces/turtlebot3_ws/src/turtlebot-maze/install/tb_worlds/share/tb_worlds/models/plastic_cup/model.sdf
[0.356s] -- Up-to-date: /home/ren/workspaces/turtlebot3_ws/src/turtlebot-maze/install/tb_worlds/share/tb_worlds/models/plastic_cup/model.config
[0.356s] -- Up-to-date: /home/ren/workspaces/turtlebot3_ws/src/turtlebot-maze/install/tb_worlds/share/tb_worlds/models/sim_house
[0.356s] -- Up-to-date: /home/ren/workspaces/turtlebot3_ws/src/turtlebot-maze/install/tb_worlds/share/tb_worlds/models/sim_house/model.sdf
[0.356s] -- Up-to-date: /home/ren/workspaces/turtlebot3_ws/src/turtlebot-maze/install/tb_worlds/share/tb_worlds/models/sim_house/model.config
[0.356s] -- Up-to-date: /home/ren/workspaces/turtlebot3_ws/src/turtlebot-maze/install/tb_worlds/share/tb_worlds/models/bench_with_fruits
[0.356s] -- Up-to-date: /home/ren/workspaces/turtlebot3_ws/src/turtlebot-maze/install/tb_worlds/share/tb_worlds/models/bench_with_fruits/model.sdf
[0.356s] -- Up-to-date: /home/ren/workspaces/turtlebot3_ws/src/turtlebot-maze/install/tb_worlds/share/tb_worlds/worlds
[0.356s] -- Up-to-date: /home/ren/workspaces/turtlebot3_ws/src/turtlebot-maze/install/tb_worlds/share/tb_worlds/worlds/sim_house_enhanced.sdf.xacro
[0.357s] -- Up-to-date: /home/ren/workspaces/turtlebot3_ws/src/turtlebot-maze/install/tb_worlds/share/tb_worlds/worlds/sim_house.sdf.xacro
[0.357s] -- Up-to-date: /home/ren/workspaces/turtlebot3_ws/src/turtlebot-maze/install/tb_worlds/share/tb_worlds/worlds/textures
[0.357s] -- Up-to-date: /home/ren/workspaces/turtlebot3_ws/src/turtlebot-maze/install/tb_worlds/share/tb_worlds/worlds/textures/concrete.png
[0.358s] -- Up-to-date: /home/ren/workspaces/turtlebot3_ws/src/turtlebot-maze/install/tb_worlds/share/tb_worlds/worlds/textures/wood_.png
[0.358s] -- Up-to-date: /home/ren/workspaces/turtlebot3_ws/src/turtlebot-maze/install/tb_worlds/share/tb_worlds/worlds/textures/bricks.png
[0.358s] -- Up-to-date: /home/ren/workspaces/turtlebot3_ws/src/turtlebot-maze/install/tb_worlds/share/tb_worlds/urdf
[0.358s] -- Up-to-date: /home/ren/workspaces/turtlebot3_ws/src/turtlebot-maze/install/tb_worlds/share/tb_worlds/urdf/gz_waffle.sdf.xacro
[0.358s] -- Up-to-date: /home/ren/workspaces/turtlebot3_ws/src/turtlebot-maze/install/tb_worlds/share/tb_worlds/configs
[0.359s] -- Up-to-date: /home/ren/workspaces/turtlebot3_ws/src/turtlebot-maze/install/tb_worlds/share/tb_worlds/configs/turtlebot4_bridge.yaml
[0.359s] -- Up-to-date: /home/ren/workspaces/turtlebot3_ws/src/turtlebot-maze/install/tb_worlds/share/tb_worlds/configs/turtlebot3_bridge.yaml
[0.359s] -- Up-to-date: /home/ren/workspaces/turtlebot3_ws/src/turtlebot-maze/install/tb_worlds/share/tb_worlds/configs/nav2_params.yaml
[0.359s] -- Up-to-date: /home/ren/workspaces/turtlebot3_ws/src/turtlebot-maze/install/tb_worlds/share/ament_index/resource_index/package_run_dependencies/tb_worlds
[0.360s] -- Up-to-date: /home/ren/workspaces/turtlebot3_ws/src/turtlebot-maze/install/tb_worlds/share/ament_index/resource_index/parent_prefix_path/tb_worlds
[0.360s] -- Up-to-date: /home/ren/workspaces/turtlebot3_ws/src/turtlebot-maze/install/tb_worlds/share/tb_worlds/environment/ament_prefix_path.sh
[0.361s] -- Up-to-date: /home/ren/workspaces/turtlebot3_ws/src/turtlebot-maze/install/tb_worlds/share/tb_worlds/environment/ament_prefix_path.dsv
[0.362s] -- Up-to-date: /home/ren/workspaces/turtlebot3_ws/src/turtlebot-maze/install/tb_worlds/share/tb_worlds/environment/path.sh
[0.364s] -- Up-to-date: /home/ren/workspaces/turtlebot3_ws/src/turtlebot-maze/install/tb_worlds/share/tb_worlds/environment/path.dsv
[0.364s] -- Up-to-date: /home/ren/workspaces/turtlebot3_ws/src/turtlebot-maze/install/tb_worlds/share/tb_worlds/local_setup.bash
[0.367s] -- Up-to-date: /home/ren/workspaces/turtlebot3_ws/src/turtlebot-maze/install/tb_worlds/share/tb_worlds/local_setup.sh
[0.368s] -- Up-to-date: /home/ren/workspaces/turtlebot3_ws/src/turtlebot-maze/install/tb_worlds/share/tb_worlds/local_setup.zsh
[0.368s] -- Up-to-date: /home/ren/workspaces/turtlebot3_ws/src/turtlebot-maze/install/tb_worlds/share/tb_worlds/local_setup.dsv
[0.368s] -- Installing: /home/ren/workspaces/turtlebot3_ws/src/turtlebot-maze/install/tb_worlds/share/tb_worlds/package.dsv
[0.368s] -- Up-to-date: /home/ren/workspaces/turtlebot3_ws/src/turtlebot-maze/install/tb_worlds/share/ament_index/resource_index/packages/tb_worlds
[0.368s] -- Up-to-date: /home/ren/workspaces/turtlebot3_ws/src/turtlebot-maze/install/tb_worlds/share/tb_worlds/cmake/tb_worldsConfig.cmake
[0.369s] -- Up-to-date: /home/ren/workspaces/turtlebot3_ws/src/turtlebot-maze/install/tb_worlds/share/tb_worlds/cmake/tb_worldsConfig-version.cmake
[0.369s] -- Up-to-date: /home/ren/workspaces/turtlebot3_ws/src/turtlebot-maze/install/tb_worlds/share/tb_worlds/package.xml
[0.370s] Invoked command in '/home/ren/workspaces/turtlebot3_ws/src/turtlebot-maze/build/tb_worlds' returned '0': CMAKE_PREFIX_PATH=${CMAKE_PREFIX_PATH}:/opt/ros/jazzy /usr/bin/cmake --install /home/ren/workspaces/turtlebot3_ws/src/turtlebot-maze/build/tb_worlds
