[0.087s] Invoking command in '/home/ren/workspaces/turtlebot3_ws/src/turtlebot-maze/build/slam_driver': CMAKE_PREFIX_PATH=/home/ren/workspaces/turtlebot3_ws/src/turtlebot-maze/install/stella_vslam:${CMAKE_PREFIX_PATH} LD_LIBRARY_PATH=/home/ren/workspaces/turtlebot3_ws/src/turtlebot-maze/install/stella_vslam/lib:${LD_LIBRARY_PATH} PKG_CONFIG_PATH=/home/ren/workspaces/turtlebot3_ws/src/turtlebot-maze/install/stella_vslam/lib/x86_64-linux-gnu/pkgconfig:/home/ren/workspaces/turtlebot3_ws/src/turtlebot-maze/install/stella_vslam/lib/pkgconfig /usr/bin/cmake /home/ren/workspaces/turtlebot3_ws/src/turtlebot-maze/slam -DCMAKE_INSTALL_PREFIX=/home/ren/workspaces/turtlebot3_ws/src/turtlebot-maze/install/slam_driver
[0.101s] -- Performing Test CMAKE_HAVE_LIBC_PTHREAD
[0.236s] -- Performing Test CMAKE_HAVE_LIBC_PTHREAD - Success
[0.236s] -- Found Threads: TRUE  
[0.503s] -- Found OpenMP_CXX: -fopenmp (found version "4.5") 
[0.503s] -- Found OpenMP: TRUE (found version "4.5")  
[0.511s] -- Found OpenCV: /usr (found version "4.6.0") 
[0.911s] -- Found OpenGL: /usr/lib/x86_64-linux-gnu/libOpenGL.so   
[0.925s] -- Found OpenCV: /usr (found version "4.6.0") found components: core imgcodecs 
[0.925s] -- Configuring done (0.8s)
[0.931s] -- Generating done (0.0s)
[0.933s] -- Build files have been written to: /home/ren/workspaces/turtlebot3_ws/src/turtlebot-maze/build/slam_driver
[0.936s] Invoked command in '/home/ren/workspaces/turtlebot3_ws/src/turtlebot-maze/build/slam_driver' returned '0': CMAKE_PREFIX_PATH=/home/ren/workspaces/turtlebot3_ws/src/turtlebot-maze/install/stella_vslam:${CMAKE_PREFIX_PATH} LD_LIBRARY_PATH=/home/ren/workspaces/turtlebot3_ws/src/turtlebot-maze/install/stella_vslam/lib:${LD_LIBRARY_PATH} PKG_CONFIG_PATH=/home/ren/workspaces/turtlebot3_ws/src/turtlebot-maze/install/stella_vslam/lib/x86_64-linux-gnu/pkgconfig:/home/ren/workspaces/turtlebot3_ws/src/turtlebot-maze/install/stella_vslam/lib/pkgconfig /usr/bin/cmake /home/ren/workspaces/turtlebot3_ws/src/turtlebot-maze/slam -DCMAKE_INSTALL_PREFIX=/home/ren/workspaces/turtlebot3_ws/src/turtlebot-maze/install/slam_driver
[0.936s] Invoking command in '/home/ren/workspaces/turtlebot3_ws/src/turtlebot-maze/build/slam_driver': CMAKE_PREFIX_PATH=/home/ren/workspaces/turtlebot3_ws/src/turtlebot-maze/install/stella_vslam:${CMAKE_PREFIX_PATH} LD_LIBRARY_PATH=/home/ren/workspaces/turtlebot3_ws/src/turtlebot-maze/install/stella_vslam/lib:${LD_LIBRARY_PATH} PKG_CONFIG_PATH=/home/ren/workspaces/turtlebot3_ws/src/turtlebot-maze/install/stella_vslam/lib/x86_64-linux-gnu/pkgconfig:/home/ren/workspaces/turtlebot3_ws/src/turtlebot-maze/install/stella_vslam/lib/pkgconfig /usr/bin/cmake --build /home/ren/workspaces/turtlebot3_ws/src/turtlebot-maze/build/slam_driver -- -j8 -l8
[0.983s] [ 50%] [32mBuilding CXX object CMakeFiles/run_slam.dir/run_slam.cc.o[0m
[2.592s] [100%] [32m[1mLinking CXX executable run_slam[0m
[3.088s] [100%] Built target run_slam
[3.099s] Invoked command in '/home/ren/workspaces/turtlebot3_ws/src/turtlebot-maze/build/slam_driver' returned '0': CMAKE_PREFIX_PATH=/home/ren/workspaces/turtlebot3_ws/src/turtlebot-maze/install/stella_vslam:${CMAKE_PREFIX_PATH} LD_LIBRARY_PATH=/home/ren/workspaces/turtlebot3_ws/src/turtlebot-maze/install/stella_vslam/lib:${LD_LIBRARY_PATH} PKG_CONFIG_PATH=/home/ren/workspaces/turtlebot3_ws/src/turtlebot-maze/install/stella_vslam/lib/x86_64-linux-gnu/pkgconfig:/home/ren/workspaces/turtlebot3_ws/src/turtlebot-maze/install/stella_vslam/lib/pkgconfig /usr/bin/cmake --build /home/ren/workspaces/turtlebot3_ws/src/turtlebot-maze/build/slam_driver -- -j8 -l8
[3.100s] Invoking command in '/home/ren/workspaces/turtlebot3_ws/src/turtlebot-maze/build/slam_driver': CMAKE_PREFIX_PATH=/home/ren/workspaces/turtlebot3_ws/src/turtlebot-maze/install/stella_vslam:${CMAKE_PREFIX_PATH} LD_LIBRARY_PATH=/home/ren/workspaces/turtlebot3_ws/src/turtlebot-maze/install/stella_vslam/lib:${LD_LIBRARY_PATH} PKG_CONFIG_PATH=/home/ren/workspaces/turtlebot3_ws/src/turtlebot-maze/install/stella_vslam/lib/x86_64-linux-gnu/pkgconfig:/home/ren/workspaces/turtlebot3_ws/src/turtlebot-maze/install/stella_vslam/lib/pkgconfig /usr/bin/cmake --install /home/ren/workspaces/turtlebot3_ws/src/turtlebot-maze/build/slam_driver
[3.107s] -- Install configuration: ""
[3.107s] -- Installing: /home/ren/workspaces/turtlebot3_ws/src/turtlebot-maze/install/slam_driver/bin/run_slam
[3.107s] -- Set non-toolchain portion of runtime path of "/home/ren/workspaces/turtlebot3_ws/src/turtlebot-maze/install/slam_driver/bin/run_slam" to ""
[3.109s] Invoked command in '/home/ren/workspaces/turtlebot3_ws/src/turtlebot-maze/build/slam_driver' returned '0': CMAKE_PREFIX_PATH=/home/ren/workspaces/turtlebot3_ws/src/turtlebot-maze/install/stella_vslam:${CMAKE_PREFIX_PATH} LD_LIBRARY_PATH=/home/ren/workspaces/turtlebot3_ws/src/turtlebot-maze/install/stella_vslam/lib:${LD_LIBRARY_PATH} PKG_CONFIG_PATH=/home/ren/workspaces/turtlebot3_ws/src/turtlebot-maze/install/stella_vslam/lib/x86_64-linux-gnu/pkgconfig:/home/ren/workspaces/turtlebot3_ws/src/turtlebot-maze/install/stella_vslam/lib/pkgconfig /usr/bin/cmake --install /home/ren/workspaces/turtlebot3_ws/src/turtlebot-maze/build/slam_driver
